11:39:13| finished reading file
11:39:14| Wicket Systri Warrick
11:39:15| Padmé Amidala
11:39:16| Ki-Adi-Mundi
11:39:17| Wedge Antilles
11:39:18| Shaak Ti
11:39:19| Leia Organa
11:39:20| R5-D4
11:39:21| Grievous
11:39:22| Kit Fisto
11:39:23| R2-D2
11:39:24| Sly Moore
11:39:25| Poggle the Lesser
11:39:26| Ayla Secura
11:39:27| Adi Gallia
11:39:28| Mace Windu
11:39:29| Saesee Tiin
11:39:30| Tarfful
11:39:31| R4-P17
11:39:32| Eeth Koth
11:39:33| Darth Vader
11:39:34| Palpatine
11:39:35| Wat Tambor
11:39:36| Luke Skywalker
11:39:37| Tion Medon
11:39:38| Wilhuff Tarkin
11:39:39| Dooku
11:39:40| Luminara Unduli
11:39:41| Chewbacca
11:39:42| Raymus Antilles
11:39:43| Beru Whitesun lars
11:39:44| Yoda
11:39:45| Owen Lars
11:39:46| C-3PO
11:39:47| Anakin Skywalker
11:39:48| Nute Gunray
11:39:49| Plo Koon
11:39:50| Bail Prestor Organa
11:39:51| Obi-Wan Kenobi
11:39:51| Time to process all URLS = 38.38042937
