11:42:34| finished reading file
11:42:35| Ki-Adi-Mundi
11:42:35| Wicket Systri Warrick
11:42:35| Wedge Antilles
11:42:35| Padmé Amidala
11:42:36| Leia Organa
11:42:36| Grievous
11:42:36| R5-D4
11:42:36| Shaak Ti
11:42:37| R2-D2
11:42:37| Poggle the Lesser
11:42:37| Kit Fisto
11:42:37| Sly Moore
11:42:38| Ayla Secura
11:42:38| Mace Windu
11:42:38| Saesee Tiin
11:42:38| Adi Gallia
11:42:39| Tarfful
11:42:39| R4-P17
11:42:39| Darth Vader
11:42:39| Eeth Koth
11:42:40| Palpatine
11:42:40| Wat Tambor
11:42:40| Luke Skywalker
11:42:40| Tion Medon
11:42:41| Wilhuff Tarkin
11:42:41| Dooku
11:42:41| Chewbacca
11:42:41| Luminara Unduli
11:42:42| Yoda
11:42:42| Raymus Antilles
11:42:42| Owen Lars
11:42:42| Beru Whitesun lars
11:42:43| C-3PO
11:42:43| Anakin Skywalker
11:42:43| Plo Koon
11:42:43| Nute Gunray
11:42:44| Obi-Wan Kenobi
11:42:44| Bail Prestor Organa
11:42:44| Time to process all URLS = 10.11461013
