11:06:11| finished reading file
11:06:12| Wicket Systri Warrick
11:06:12| Ki-Adi-Mundi
11:06:12| Wedge Antilles
11:06:12| Padmé Amidala
11:06:13| R5-D4
11:06:13| Shaak Ti
11:06:13| Leia Organa
11:06:13| Grievous
11:06:14| Poggle the Lesser
11:06:14| Sly Moore
11:06:14| Kit Fisto
11:06:14| R2-D2
11:06:15| Adi Gallia
11:06:15| Ayla Secura
11:06:15| Saesee Tiin
11:06:15| Mace Windu
11:06:16| Eeth Koth
11:06:16| Tarfful
11:06:16| R4-P17
11:06:16| Darth Vader
11:06:17| Luke Skywalker
11:06:17| Wat Tambor
11:06:17| Palpatine
11:06:17| Tion Medon
11:06:18| Wilhuff Tarkin
11:06:18| Dooku
11:06:18| Chewbacca
11:06:18| Luminara Unduli
11:06:19| Owen Lars
11:06:19| Beru Whitesun lars
11:06:19| Yoda
11:06:19| Raymus Antilles
11:06:20| Anakin Skywalker
11:06:20| Nute Gunray
11:06:20| C-3PO
11:06:20| Plo Koon
11:06:21| Bail Prestor Organa
11:06:21| Obi-Wan Kenobi
