11:30:44| finished reading file
11:30:45| Wicket Systri Warrick
11:30:45| Wedge Antilles
11:30:45| Ki-Adi-Mundi
11:30:45| Padmé Amidala
11:30:46| Grievous
11:30:46| Leia Organa
11:30:46| R5-D4
11:30:46| Shaak Ti
11:30:47| Kit Fisto
11:30:47| R2-D2
11:30:47| Sly Moore
11:30:47| Poggle the Lesser
11:30:48| Ayla Secura
11:30:48| Adi Gallia
11:30:48| Mace Windu
11:30:48| Saesee Tiin
11:30:49| Tarfful
11:30:49| Eeth Koth
11:30:49| Darth Vader
11:30:49| R4-P17
11:30:50| Wat Tambor
11:30:50| Tion Medon
11:30:50| Luke Skywalker
11:30:50| Palpatine
11:30:51| Dooku
11:30:51| Wilhuff Tarkin
11:30:51| Chewbacca
11:30:51| Luminara Unduli
11:30:52| Beru Whitesun lars
11:30:52| Raymus Antilles
11:30:52| Yoda
11:30:52| Owen Lars
11:30:53| C-3PO
11:30:53| Anakin Skywalker
11:30:53| Plo Koon
11:30:53| Nute Gunray
11:30:54| Obi-Wan Kenobi
11:30:54| Bail Prestor Organa
11:30:54| Time to process all URLS = 10.12342221
