14:14:16| finished reading file
14:14:17| Padmé Amidala
14:14:17| Ki-Adi-Mundi
14:14:17| Wedge Antilles
14:14:17| Wicket Systri Warrick
14:14:18| Shaak Ti
14:14:18| Grievous
14:14:18| Leia Organa
14:14:18| R5-D4
14:14:19| Poggle the Lesser
14:14:19| Sly Moore
14:14:19| Kit Fisto
14:14:19| R2-D2
14:14:20| Ayla Secura
14:14:20| Adi Gallia
14:14:20| Mace Windu
14:14:20| Saesee Tiin
14:14:21| Tarfful
14:14:21| Darth Vader
14:14:21| Eeth Koth
14:14:21| R4-P17
14:14:22| Palpatine
14:14:22| Wat Tambor
14:14:22| Luke Skywalker
14:14:22| Tion Medon
14:14:23| Wilhuff Tarkin
14:14:23| Dooku
14:14:23| Chewbacca
14:14:23| Luminara Unduli
14:14:24| Raymus Antilles
14:14:24| Yoda
14:14:24| Beru Whitesun lars
14:14:24| Owen Lars
14:14:25| C-3PO
14:14:25| Plo Koon
14:14:25| Nute Gunray
14:14:25| Anakin Skywalker
14:14:26| Bail Prestor Organa
14:14:26| Obi-Wan Kenobi
14:14:26| Time to process all URLS = 10.11027396
