11:46:40| Marble count     = 1000
11:46:40| Marble delay     = 0.01
11:46:40| Marbles in a bag = 7
11:46:40| Bagger delay     = 0.05
11:46:40| Assembler delay  = 0.05
11:46:40| Wrapper delay    = 0.05
11:46:40| Create the processes
11:46:40| Starting the processes
11:46:40| Waiting for processes to finish
11:46:53| Contents of boxes.txt
11:46:53| Large marble: Big Joe, marbles: Blue Bell, Mimi Pink, Silver Chalice, Indigo, Granny Smith Apple, Neon Pink, Golden Yellow
11:46:53| Large marble: 5-Star, marbles: Russian Green, Platinum, Gold, Isabelline, La Salle Green, Lilac Luster, Ruby
11:46:53| Large marble: Zeus, marbles: Mimi Pink, Rose Quartz, Pale Taupe, Sheen Green, Mint Green, Dark Moss Green, Pastel Blue
11:46:53| Large marble: Zeus, marbles: Safety Yellow, Emerald, Spanish Carmine, Neon Dark Green, Pale Plum, Vegas Gold, Slate Blue
11:46:53| Large marble: Big Joe, marbles: Neon Pink, Isabelline, White Smoke, Ruby, Mint Cream, Russian Green, Orange Soda
11:46:53| Large marble: Lucky, marbles: Pale Goldenrod, Sage, Shandy, Pale Plum, La Salle Green, Pastel Blue, Beaver
11:46:53| Large marble: Hercules, marbles: Orange Peel, Shandy, Rose Quartz, Pale Cerulean, Venetian Red, Antique Bronze, Mint Cream
11:46:53| Large marble: Spinner, marbles: Lavender Blue, Orange Peel, Light Orchid, Royal Orange, Mode Beige, Auburn, Lemon Lime
11:46:53| Large marble: Lucky, marbles: Auburn, Terra Cotta, Light Orange, Maximum Blue, Silver Pink, Pale Goldenrod, Golden Yellow
11:46:53| Large marble: Spinner, marbles: Blue-Green, White Smoke, Pastel Gray, Spanish Pink, Gold, Dark Moss Green, Mint Green
11:46:53| Large marble: Lucky, marbles: Fiery Rose, Pale Plum, Rose Dust, Arylide Yellow, Green, Pastel Blue, Lumber
11:46:53| Large marble: Apollo, marbles: Orange Peel, Neon Dark Green, White Smoke, Pastel Blue, Ruby, Blue, Almond
11:46:53| Large marble: 5-Star, marbles: Maximum Violet, Lumber, Dark Fuchsia, Black Coral, Purple Plum, Cotton Candy, Mint Cream
11:46:53| Large marble: Winner, marbles: Neon Dark Green, Pale Plum, Rose Quartz, Light Orchid, Icterine, Auburn, Spanish Orange
11:46:53| Large marble: Lucky, marbles: Indigo, Silver Pink, Rose Dust, Light Orchid, Mimi Pink, Liver Chestnut, Golden Yellow
11:46:53| Large marble: Winner, marbles: Vegas Gold, Cotton Candy, Brink Pink, Gold, Pale Cerulean, Ruby, Gold
11:46:53| Large marble: Spinner, marbles: Antique Bronze, Blue Bell, Pastel Gray, Mint Cream, Silver Pink, Brink Pink, Zomp
11:46:53| Large marble: Sure Shot, marbles: Black Coral, Platinum, Sage, Purple Plum, Fiery Rose, Mango Tango, Lemon Lime
11:46:53| Large marble: Winner, marbles: Lumber, Big Dip O’ruby, Orange Peel, Duke Blue, Sheen Green, Honeydew, Arylide Yellow
11:46:53| Large marble: 5-Star, marbles: Emerald, Green, Maximum Blue, Pale Goldenrod, Lavender Blue, Light Orange, Purple
11:46:53| Large marble: Big Joe, marbles: Pale Plum, Neon Dark Green, Mimi Pink, La Salle Green, Ruby, Mode Beige, Green
11:46:53| Large marble: Lucky, marbles: Zomp, Neon Silver, Neon Silver, Black Coral, Dark Moss Green, Venetian Red, Russian Green
11:46:53| Large marble: Big Joe, marbles: Safety Yellow, Gold, Orange Soda, Beaver, Neon Dark Green, Mimi Pink, Neon Silver
11:46:53| Large marble: Sure Shot, marbles: Ivory, Mint Green, Mulberry, Lilac Luster, Emerald, Slate Blue, Platinum
11:46:53| Large marble: Zeus, marbles: Lavender Purple, Pastel Gray, Slate Blue, Spanish Pink, Antique Bronze, Outrageous Orange, Vegas Gold
11:46:53| Large marble: Spinner, marbles: Chinese Red, Ruby, Venetian Red, Russian Green, Orange Soda, Slate Blue, Stop Red
11:46:53| Large marble: Hercules, marbles: Mode Beige, Maximum Violet, Outrageous Orange, Blue, Russian Green, Blue-Green, Blue Bell
11:46:53| Large marble: Big Joe, marbles: Lavender Purple, Zomp, Lavender Blue, Golden Yellow, Lavender Blue, Candy Pink, Arylide Yellow
11:46:53| Large marble: Sure Shot, marbles: Emerald, Dark Fuchsia, Granny Smith Apple, Pastel Blue, Liver Chestnut, Green, Purple
11:46:53| Large marble: Winner, marbles: Maximum Purple, Royal Red, Isabelline, Mode Beige, Gold, Indigo, Slate Blue
11:46:53| Large marble: Lucky, marbles: Tuscan Brown, Spanish Pink, Bistre Brown, Gold, Icterine, Fiery Rose, Mint Cream
11:46:53| Large marble: Spinner, marbles: Pale Plum, Lavender Purple, Royal Orange, Indigo, Beaver, Terra Cotta, Silver Pink
11:46:53| Large marble: Zeus, marbles: Neon Pink, Mode Beige, Vegas Gold, Russian Green, Cobalt Blue, Neon Pink, Candy Pink
11:46:53| Large marble: Apollo, marbles: Zomp, Ivory, Green, Spanish Pink, Maximum Violet, Auburn, Candy Pink
11:46:53| Large marble: Big Joe, marbles: Lavender Blue, Orange Peel, Silver Pink, Sheen Green, Antique Brass, Sheen Green, Spanish Carmine
11:46:53| Large marble: Winner, marbles: Slate Blue, Silver Chalice, Dark Moss Green, Almond, Emerald, Rose Dust, Chinese Red
11:46:53| Large marble: Apollo, marbles: Spanish Orange, Rose Quartz, Golden Yellow, Mint Cream, Thulian Pink, Venetian Red, Lavender Blue
11:46:53| Large marble: Spinner, marbles: Pale Plum, Arylide Yellow, Big Dip O’ruby, Gold, Spanish Pink, Cotton Candy, Mimi Pink
11:46:53| Large marble: Apollo, marbles: Lumber, Candy Pink, Zomp, Purple, Dark Fuchsia, Silver Chalice, Lavender Purple
11:46:53| Large marble: Big Joe, marbles: Neon Dark Green, Silver Chalice, Middle Red Purple, Shandy, Liver Chestnut, Icterine, Dark Fuchsia
11:46:53| Large marble: Winner, marbles: Pale Goldenrod, Neon Silver, Dark Fuchsia, Middle Green Yellow, Black Coral, Royal Orange, Bistre Brown
11:46:53| Large marble: Apollo, marbles: Pale Taupe, Outrageous Orange, Lilac Luster, Pale Taupe, Blue, Middle Green Yellow, Big Dip O’ruby
11:46:53| Large marble: Apollo, marbles: Big Dip O’ruby, Gold, Pale Cerulean, Pale Taupe, Pale Cerulean, Dark Fuchsia, Brown
11:46:53| Large marble: Winner, marbles: Eerie Black, Sheen Green, Antique Brass, Purple, Silver Chalice, Middle Green Yellow, Sage
11:46:53| Large marble: Apollo, marbles: Platinum, Almond, Orange Peel, Rose Quartz, Pale Plum, Big Dip O’ruby, Pale Plum
11:46:53| Large marble: Big Joe, marbles: White Smoke, Indigo, Neon Silver, Bistre Brown, Arylide Yellow, Granny Smith Apple, Antique Bronze
11:46:53| Large marble: Sure Shot, marbles: Duke Blue, Middle Green Yellow, Pale Cerulean, Spanish Carmine, Terra Cotta, Vegas Gold, Dark Fuchsia
11:46:53| Large marble: Winner, marbles: Honeydew, Light Orchid, Brown, Middle Green, Royal Blue, Tuscan Brown, Mint Green
11:46:53| Large marble: Spinner, marbles: Maximum Violet, Emerald, Eerie Black, Rose Quartz, Middle Green, Dark Moss Green, Spanish Orange
11:46:53| Large marble: Winner, marbles: Orange Soda, Emerald, Chinese Red, Orange Soda, Beaver, Auburn, Candy Pink
11:46:53| Large marble: 5-Star, marbles: Rose Dust, Royal Blue, Terra Cotta, Middle Red Purple, Indigo, Shandy, Vegas Gold
11:46:53| Large marble: Apollo, marbles: Almond, Lumber, Royal Red, Venetian Red, Gold, Lavender Blue, Ivory
11:46:53| Large marble: Hercules, marbles: Silver Chalice, Isabelline, Gold, Cobalt Blue, Neon Dark Green, Bistre Brown, La Salle Green
11:46:53| Large marble: Winner, marbles: Cotton Candy, Auburn, Auburn, Mimi Pink, Pastel Gray, Isabelline, Middle Green Yellow
11:46:53| Large marble: Hercules, marbles: Russian Violet, Neon Dark Green, Vegas Gold, Mulberry, Almond, Icterine, Brown
11:46:53| Large marble: 5-Star, marbles: Sage, Lumber, Blue-Green, Mode Beige, Lumber, Mango Tango, Royal Blue
11:46:53| Large marble: Zeus, marbles: Lemon Lime, Blue, Neon Silver, Thulian Pink, Mimi Pink, Royal Red, Gold
11:46:53| Large marble: Lucky, marbles: Silver Chalice, Cobalt Blue, Black Coral, Platinum, Middle Green Yellow, Royal Blue, Pale Goldenrod
11:46:53| Large marble: Apollo, marbles: Cotton Candy, Honeydew, Gold, Middle Red Purple, Cotton Candy, Middle Green Yellow, Liver Chestnut
11:46:53| Large marble: Spinner, marbles: Black Coral, Vegas Gold, Duke Blue, Royal Orange, Golden Yellow, Cotton Candy, Maximum Blue
11:46:53| Large marble: 5-Star, marbles: Rose Quartz, Duke Blue, Blue, Maximum Blue, Platinum, Cobalt Blue, Blue Bell
11:46:53| Large marble: Apollo, marbles: Antique Brass, Light Orchid, Pale Cerulean, Lilac Luster, Pale Cerulean, Spanish Pink, Brink Pink
11:46:53| Large marble: Winner, marbles: Light Orchid, Slate Blue, Arylide Yellow, Mango Tango, Pale Plum, Arylide Yellow, Lemon Lime
11:46:53| Large marble: Big Joe, marbles: Silver Pink, Pastel Gray, Auburn, Almond, Outrageous Orange, Maximum Purple, Big Dip O’ruby
11:46:53| Large marble: Winner, marbles: Duke Blue, Emerald, Stop Red, Rose Dust, Maximum Purple, Spanish Pink, Beaver
11:46:53| Large marble: Apollo, marbles: Silver Pink, Purple Plum, Cobalt Blue, Antique Brass, Middle Green, Mango Tango, Royal Orange
11:46:53| Large marble: Lucky, marbles: Big Dip O’ruby, Outrageous Orange, Spanish Pink, Pale Taupe, Orange Soda, Duke Blue, Purple
11:46:53| Large marble: Zeus, marbles: Orange Soda, White Smoke, Mode Beige, Spanish Orange, Stop Red, Rose Dust, Isabelline
11:46:53| Large marble: Zeus, marbles: Auburn, Brink Pink, Russian Violet, Purple Plum, Middle Green, Spanish Carmine, Auburn
11:46:53| Large marble: Lucky, marbles: Lavender Purple, Orange Soda, Rose Dust, Stop Red, Spanish Orange, Neon Pink, Purple
11:46:53| Large marble: Big Joe, marbles: Auburn, Duke Blue, Tuscan Brown, Blue-Green, Blue Bell, Zomp, Maximum Purple
11:46:53| Large marble: Winner, marbles: Russian Green, Indigo, Pale Cerulean, Ivory, Blue-Green, Beaver, Ruby
11:46:53| Large marble: Winner, marbles: Lemon Lime, Pale Taupe, Venetian Red, Orange Peel, Icterine, Honeydew, Honeydew
11:46:53| Large marble: Zeus, marbles: Pale Taupe, Arylide Yellow, Maximum Violet, Gold, Zomp, Outrageous Orange, Gold
11:46:53| Large marble: Big Joe, marbles: Terra Cotta, Gold, Middle Red Purple, Pale Cerulean, Brink Pink, Mango Tango, Royal Red
11:46:53| Large marble: Hercules, marbles: Vegas Gold, Pastel Blue, Almond, White Smoke, Royal Orange, Black Coral, Vegas Gold
11:46:53| Large marble: Sure Shot, marbles: Royal Red, Venetian Red, Platinum, Safety Yellow, Honeydew, Safety Yellow, Orange Peel
11:46:53| Large marble: Zeus, marbles: Gold, Rose Dust, Candy Pink, Neon Dark Green, Liver Chestnut, Maximum Blue, Ruby
11:46:53| Large marble: Sure Shot, marbles: La Salle Green, Auburn, Lavender Blue, Middle Green, Pale Plum, Brown, Light Orchid
11:46:53| Large marble: Zeus, marbles: Mango Tango, Zomp, Spanish Carmine, Mulberry, Shandy, Liver Chestnut, Middle Green
11:46:53| Large marble: 5-Star, marbles: Lavender Blue, Sage, Dark Moss Green, Blue, Shandy, Lemon Lime, Ruby
11:46:53| Large marble: Apollo, marbles: Antique Brass, Mint Cream, Neon Dark Green, Rose Quartz, Ivory, Blue-Green, Dark Fuchsia
11:46:53| Large marble: Lucky, marbles: Indigo, Beaver, Auburn, Pale Plum, Pale Cerulean, Terra Cotta, Platinum
11:46:53| Large marble: Winner, marbles: Thulian Pink, Cobalt Blue, Mimi Pink, Isabelline, Brink Pink, Indigo, Light Orange
11:46:53| Large marble: Zeus, marbles: Stop Red, Arylide Yellow, Lavender Blue, Candy Pink, Honeydew, Gold, Royal Orange
11:46:53| Large marble: Zeus, marbles: White Smoke, Arylide Yellow, Ivory, Light Orange, Orange Soda, Terra Cotta, Duke Blue
11:46:53| Large marble: Lucky, marbles: Light Orange, Antique Bronze, Blue Bell, Mint Cream, Black Coral, Rose Dust, Rose Dust
11:46:53| Large marble: Hercules, marbles: Silver Pink, Brink Pink, Ruby, Zomp, Middle Red Purple, Honeydew, Brown
11:46:53| Large marble: 5-Star, marbles: Cotton Candy, Stop Red, Green, Middle Green Yellow, Dark Fuchsia, Middle Green Yellow, White Smoke
11:46:53| Large marble: Big Joe, marbles: Middle Red Purple, Maximum Purple, Maximum Blue, Blue Bell, Lilac Luster, Russian Green, Shandy
11:46:53| Large marble: Lucky, marbles: Antique Bronze, Spanish Pink, Ruby, Icterine, Dark Fuchsia, Candy Pink, Honeydew
11:46:53| Large marble: Winner, marbles: Tuscan Brown, Isabelline, Almond, Antique Bronze, Royal Red, Zomp, Shandy
11:46:53| Large marble: Spinner, marbles: Platinum, Sage, Emerald, Orange Peel, Chinese Red, Silver Pink, Light Orange
11:46:53| Large marble: 5-Star, marbles: Mint Green, Orange Soda, La Salle Green, Purple Plum, Light Orange, Green, Dark Moss Green
11:46:53| Large marble: Hercules, marbles: Black Coral, Honeydew, Middle Green, Indigo, Thulian Pink, Lavender Blue, Antique Brass
11:46:53| Large marble: Big Joe, marbles: Neon Pink, Neon Pink, Fiery Rose, Blue Bell, Ruby, Spanish Carmine, Pale Cerulean
11:46:53| Large marble: Zeus, marbles: Light Orange, Lavender Purple, Pastel Gray, Outrageous Orange, Rose Dust, Safety Yellow, Gold
11:46:53| Large marble: Sure Shot, marbles: Neon Pink, Blue Bell, Vegas Gold, Venetian Red, Mint Green, Pale Cerulean, Blue
11:46:53| Large marble: Big Joe, marbles: Spanish Orange, Thulian Pink, Green, La Salle Green, Silver Chalice, Blue Bell, Bistre Brown
11:46:53| Large marble: Apollo, marbles: Emerald, Mint Cream, Orange Soda, Zomp, Light Orange, Bistre Brown, Rose Dust
11:46:53| Large marble: Lucky, marbles: Emerald, Brown, Purple, Pale Plum, Dark Fuchsia, Pastel Blue, Pale Cerulean
11:46:53| Large marble: 5-Star, marbles: Isabelline, Dark Fuchsia, Middle Green, Mint Green, Duke Blue, Bistre Brown, Spanish Carmine
11:46:53| Large marble: Sure Shot, marbles: Royal Orange, Mulberry, Light Orange, Orange Peel, Maximum Violet, Honeydew, Outrageous Orange
11:46:53| Large marble: Apollo, marbles: Lilac Luster, Gold, Pale Goldenrod, Rose Dust, Sage, Purple, Orange Soda
11:46:53| Large marble: Spinner, marbles: Beaver, Platinum, Dark Moss Green, Russian Violet, Mimi Pink, Sheen Green, Honeydew
11:46:53| Large marble: Sure Shot, marbles: Orange Soda, Eerie Black, Venetian Red, Royal Blue, Safety Yellow, Blue, Honeydew
11:46:53| Large marble: Sure Shot, marbles: La Salle Green, Tuscan Brown, Neon Pink, Spanish Orange, Zomp, Safety Yellow, Mulberry
11:46:53| Large marble: Apollo, marbles: Blue, White Smoke, Lavender Purple, Neon Dark Green, Candy Pink, Ruby, Ruby
11:46:53| Large marble: Winner, marbles: Orange Soda, Orange Soda, Outrageous Orange, Lemon Lime, Rose Quartz, Slate Blue, Purple Plum
11:46:53| Large marble: Lucky, marbles: Rose Dust, Venetian Red, Pale Cerulean, Green, Mint Green, Duke Blue, Orange Peel
11:46:53| Large marble: Zeus, marbles: Rose Quartz, Silver Chalice, Russian Green, Indigo, Purple, Mode Beige, White Smoke
11:46:53| Large marble: Sure Shot, marbles: Silver Pink, Platinum, Venetian Red, Liver Chestnut, Blue, Rose Dust, Purple Plum
11:46:53| Large marble: Apollo, marbles: Pale Goldenrod, Arylide Yellow, Duke Blue, Orange Soda, Russian Violet, Silver Chalice, Royal Blue
11:46:53| Large marble: Big Joe, marbles: Dark Fuchsia, Spanish Orange, Icterine, Lavender Purple, Auburn, Slate Blue, Candy Pink
11:46:53| Large marble: Zeus, marbles: Zomp, Mode Beige, Pastel Blue, Russian Green, Ivory, Zomp, Auburn
11:46:53| Large marble: Zeus, marbles: Candy Pink, Green, Light Orange, Neon Silver, Honeydew, Middle Green, Blue
11:46:53| Large marble: Lucky, marbles: Gold, Arylide Yellow, Thulian Pink, Zomp, Mulberry, Mango Tango, Russian Green
11:46:53| Large marble: Zeus, marbles: Granny Smith Apple, Lavender Purple, Beaver, Big Dip O’ruby, Pastel Blue, Lavender Blue, Spanish Pink
11:46:53| Large marble: Big Joe, marbles: Fiery Rose, Neon Silver, Vegas Gold, Sage, Middle Green, Pale Plum, Spanish Carmine
11:46:53| Large marble: Hercules, marbles: Dark Moss Green, Indigo, Big Dip O’ruby, Purple Plum, Royal Blue, Almond, Blue-Green
11:46:53| Large marble: Apollo, marbles: Duke Blue, Bistre Brown, Spanish Orange, Antique Bronze, Russian Green, Arylide Yellow, Eerie Black
11:46:53| Large marble: Hercules, marbles: Lemon Lime, Cobalt Blue, Stop Red, Chinese Red, Fiery Rose, Maximum Purple, Neon Dark Green
11:46:53| Large marble: Apollo, marbles: Lavender Purple, Ruby, Candy Pink, Lavender Blue, Maximum Blue, Middle Green, Royal Blue
11:46:53| Large marble: Zeus, marbles: Antique Bronze, Spanish Orange, Lemon Lime, Maximum Blue, Antique Bronze, Pale Taupe, Antique Brass
11:46:53| Large marble: Lucky, marbles: Maximum Violet, Chinese Red, Golden Yellow, Big Dip O’ruby, Mint Green, Pale Taupe, Pale Goldenrod
11:46:53| Large marble: Hercules, marbles: Pale Taupe, Russian Violet, Silver Chalice, Blue Bell, Spanish Carmine, Big Dip O’ruby, Lavender Blue
11:46:53| Large marble: Lucky, marbles: Golden Yellow, Liver Chestnut, Middle Red Purple, Mulberry, Pale Taupe, Big Dip O’ruby, Chinese Red
11:46:53| Large marble: Hercules, marbles: Spanish Pink, Mode Beige, Tuscan Brown, Liver Chestnut, Isabelline, Mango Tango, Auburn
11:46:53| Large marble: 5-Star, marbles: Maximum Purple, Neon Pink, Emerald, Mint Cream, Middle Green, Ruby, Antique Bronze
11:46:53| Large marble: Lucky, marbles: Royal Red, Orange Peel, Russian Violet, Orange Soda, Isabelline, Royal Orange, Pale Cerulean
11:46:53| Large marble: Spinner, marbles: Bistre Brown, Royal Blue, Ruby, Green, Bistre Brown, Golden Yellow, Big Dip O’ruby
11:46:53| Large marble: Winner, marbles: Royal Red, Sage, Mimi Pink, Shandy, Russian Green, Orange Soda, Gold
11:46:53| Large marble: Hercules, marbles: Spanish Pink, Ivory, Ruby, Spanish Carmine, Indigo, Candy Pink, Neon Dark Green
11:46:53| Large marble: Hercules, marbles: Slate Blue, Mint Green, Middle Red Purple, Middle Green, Candy Pink, Zomp, Mint Green
11:46:53| Large marble: Winner, marbles: Dark Fuchsia, Middle Red Purple, Stop Red, Silver Chalice, Purple Plum, Thulian Pink, Fiery Rose
11:46:53| Large marble: Winner, marbles: Vegas Gold, Green, Beaver, Pale Goldenrod, Gold, Lumber, Fiery Rose
11:46:53| Large marble: Hercules, marbles: Neon Dark Green, Green, Mango Tango, Brink Pink, Pale Cerulean, Eerie Black, Cobalt Blue
11:46:53| Large marble: Winner, marbles: Big Dip O’ruby, Rose Quartz, Dark Moss Green, Spanish Orange, Neon Silver, Orange Soda, Cobalt Blue
11:46:53| Large marble: Lucky, marbles: Liver Chestnut, Mode Beige, Ruby, Mode Beige, Fiery Rose, Silver Pink, Dark Moss Green
11:46:53| Large marble: Lucky, marbles: Mint Green, Green, Mimi Pink, Spanish Orange, Venetian Red, White Smoke, Neon Dark Green
11:46:53| Large marble: Hercules, marbles: Russian Green, Liver Chestnut, Maximum Purple, Mint Cream, Mode Beige, Golden Yellow, Duke Blue
11:46:53| Large marble: Apollo, marbles: Vegas Gold, Pastel Blue, Pale Cerulean, Neon Pink, Purple Plum, Indigo, Outrageous Orange
11:46:53| Gifts created: 142
