10:34:18| Marble count     = 1000
10:34:18| Marble delay     = 0.01
10:34:18| Marbles in a bag = 7
10:34:18| Bagger delay     = 0.05
10:34:18| Assembler delay  = 0.05
10:34:18| Wrapper delay    = 0.05
10:34:18| Create the processes
10:34:18| Starting the processes
10:34:18| Waiting for processes to finish
10:34:31| Contents of boxes.txt
10:34:31| Created - 10:34:18.863084: Large marble: Winner, marbles: Bistre Brown, Purple Plum, Silver Chalice, Mint Green, Middle Green, Royal Red, Shandy
10:34:31| Created - 10:34:18.950967: Large marble: Lucky, marbles: Dark Fuchsia, Blue, Spanish Orange, Mimi Pink, Blue Bell, Auburn, Blue
10:34:31| Created - 10:34:19.032389: Large marble: Big Joe, marbles: Beaver, Silver Pink, Cotton Candy, Gold, Beaver, Royal Red, Mulberry
10:34:31| Created - 10:34:19.120199: Large marble: Hercules, marbles: Purple, Tuscan Brown, Middle Green Yellow, Sage, Candy Pink, Blue Bell, Thulian Pink
10:34:31| Created - 10:34:19.208029: Large marble: Winner, marbles: Middle Green Yellow, Pastel Blue, Maximum Blue, Thulian Pink, Auburn, Neon Silver, Ruby
10:34:31| Created - 10:34:19.293871: Large marble: Sure Shot, marbles: Dark Fuchsia, Beaver, Cobalt Blue, Pale Taupe, Lavender Purple, Mimi Pink, Sheen Green
10:34:31| Created - 10:34:19.379868: Large marble: Lucky, marbles: Pale Plum, Eerie Black, Ruby, Brink Pink, Russian Green, Neon Silver, White Smoke
10:34:31| Created - 10:34:19.466219: Large marble: Lucky, marbles: Maximum Purple, Maximum Violet, Sage, Terra Cotta, Safety Yellow, Chinese Red, Light Orchid
10:34:31| Created - 10:34:19.550726: Large marble: Apollo, marbles: Lilac Luster, Mode Beige, Cotton Candy, Mint Cream, Antique Bronze, Golden Yellow, Stop Red
10:34:31| Created - 10:34:19.633716: Large marble: Hercules, marbles: Beaver, Lavender Blue, Royal Orange, Granny Smith Apple, Granny Smith Apple, Light Orange, Maximum Blue
10:34:31| Created - 10:34:19.718550: Large marble: Hercules, marbles: Orange Soda, Orange Soda, Silver Pink, Mango Tango, Orange Soda, Sheen Green, Emerald
10:34:31| Created - 10:34:19.801738: Large marble: 5-Star, marbles: Fiery Rose, Silver Chalice, Safety Yellow, Auburn, Zomp, Blue-Green, Russian Violet
10:34:31| Created - 10:34:19.888485: Large marble: Sure Shot, marbles: Royal Orange, Russian Green, Spanish Pink, Eerie Black, Spanish Carmine, Brink Pink, Spanish Pink
10:34:31| Created - 10:34:19.974654: Large marble: Spinner, marbles: Ivory, Pale Taupe, Venetian Red, Maximum Violet, Beaver, Slate Blue, Thulian Pink
10:34:31| Created - 10:34:20.059268: Large marble: Sure Shot, marbles: Mango Tango, Beaver, Shandy, Mimi Pink, Neon Silver, Light Orchid, White Smoke
10:34:31| Created - 10:34:20.143124: Large marble: Sure Shot, marbles: Honeydew, Antique Bronze, Duke Blue, Arylide Yellow, Royal Orange, Pale Taupe, Pastel Blue
10:34:31| Created - 10:34:20.231494: Large marble: Sure Shot, marbles: Spanish Carmine, Pale Plum, Russian Green, Royal Orange, Lemon Lime, Auburn, Lumber
10:34:31| Created - 10:34:20.318433: Large marble: Spinner, marbles: Light Orchid, Neon Silver, Mint Green, Cotton Candy, Pale Plum, Platinum, Liver Chestnut
10:34:31| Created - 10:34:20.404275: Large marble: Sure Shot, marbles: Middle Green Yellow, Middle Green, Lumber, Maximum Violet, Chinese Red, Maximum Purple, Green
10:34:31| Created - 10:34:20.491469: Large marble: Big Joe, marbles: Antique Brass, White Smoke, Middle Green, Pale Plum, Royal Orange, Slate Blue, Maximum Blue
10:34:31| Created - 10:34:20.577485: Large marble: Apollo, marbles: Silver Chalice, Candy Pink, Mango Tango, Brink Pink, Silver Chalice, Blue, Middle Green
10:34:31| Created - 10:34:20.665742: Large marble: 5-Star, marbles: Pastel Gray, Orange Peel, Spanish Orange, Mulberry, Shandy, Orange Peel, Silver Pink
10:34:31| Created - 10:34:20.750186: Large marble: Winner, marbles: Rose Quartz, Zomp, Spanish Orange, Stop Red, Lavender Purple, Shandy, Pale Goldenrod
10:34:31| Created - 10:34:20.834857: Large marble: Spinner, marbles: Antique Brass, Royal Orange, Mode Beige, Duke Blue, Royal Blue, Mimi Pink, Brown
10:34:31| Created - 10:34:20.923469: Large marble: Zeus, marbles: Emerald, Vegas Gold, Light Orange, Granny Smith Apple, Antique Bronze, Silver Pink, Royal Red
10:34:31| Created - 10:34:21.011614: Large marble: Lucky, marbles: Pastel Gray, Rose Quartz, Rose Dust, Lemon Lime, Honeydew, Stop Red, Blue
10:34:31| Created - 10:34:21.096051: Large marble: 5-Star, marbles: Pale Taupe, Cotton Candy, Rose Quartz, Liver Chestnut, Outrageous Orange, Venetian Red, Cobalt Blue
10:34:31| Created - 10:34:21.182415: Large marble: Lucky, marbles: Outrageous Orange, Neon Silver, Emerald, White Smoke, Honeydew, Mint Cream, Spanish Carmine
10:34:31| Created - 10:34:21.268936: Large marble: Lucky, marbles: Tuscan Brown, Middle Green, Fiery Rose, Dark Moss Green, Eerie Black, Middle Green Yellow, Pale Goldenrod
10:34:31| Created - 10:34:21.354710: Large marble: 5-Star, marbles: Silver Chalice, Dark Fuchsia, Rose Dust, Neon Dark Green, Emerald, Safety Yellow, Mango Tango
10:34:31| Created - 10:34:21.439590: Large marble: Lucky, marbles: Rose Dust, Chinese Red, Lavender Blue, Mint Green, Lavender Purple, Eerie Black, Indigo
10:34:31| Created - 10:34:21.527544: Large marble: Hercules, marbles: Mulberry, La Salle Green, Indigo, Rose Dust, Royal Orange, Lavender Blue, Sage
10:34:31| Created - 10:34:21.611963: Large marble: Spinner, marbles: Middle Green Yellow, Neon Pink, Royal Blue, Indigo, Middle Green Yellow, Big Dip O’ruby, Russian Green
10:34:31| Created - 10:34:21.698315: Large marble: Hercules, marbles: Fiery Rose, Orange Soda, Maximum Blue, Chinese Red, Middle Red Purple, Maximum Violet, Stop Red
10:34:31| Created - 10:34:21.785711: Large marble: Winner, marbles: Mango Tango, Russian Violet, Light Orchid, Isabelline, Granny Smith Apple, Lavender Blue, Mode Beige
10:34:31| Created - 10:34:21.869620: Large marble: Big Joe, marbles: Middle Green, Russian Violet, Terra Cotta, Mulberry, Brink Pink, Mint Green, Duke Blue
10:34:31| Created - 10:34:21.956783: Large marble: Apollo, marbles: Blue-Green, Pale Goldenrod, Rose Quartz, Emerald, Royal Blue, Rose Quartz, Chinese Red
10:34:31| Created - 10:34:22.040765: Large marble: Big Joe, marbles: Royal Red, Purple Plum, Brink Pink, Maximum Violet, Brown, Ruby, Antique Bronze
10:34:31| Created - 10:34:22.128744: Large marble: Zeus, marbles: Russian Violet, Isabelline, Outrageous Orange, Pastel Blue, Antique Brass, Platinum, Maximum Blue
10:34:31| Created - 10:34:22.214525: Large marble: Lucky, marbles: Rose Dust, Maximum Purple, Orange Soda, La Salle Green, Emerald, Lavender Purple, Mimi Pink
10:34:31| Created - 10:34:22.299406: Large marble: Sure Shot, marbles: Black Coral, Mint Cream, Silver Pink, Lavender Blue, Black Coral, Almond, Fiery Rose
10:34:31| Created - 10:34:22.386600: Large marble: Hercules, marbles: Venetian Red, Russian Violet, Terra Cotta, Cotton Candy, Purple, Pale Cerulean, Mint Cream
10:34:31| Created - 10:34:22.471293: Large marble: Zeus, marbles: Lemon Lime, Honeydew, Granny Smith Apple, Black Coral, Russian Violet, Auburn, Zomp
10:34:31| Created - 10:34:22.556395: Large marble: Spinner, marbles: Auburn, Ruby, Thulian Pink, Blue, Royal Orange, Mint Green, Granny Smith Apple
10:34:31| Created - 10:34:22.641842: Large marble: Sure Shot, marbles: Mulberry, Almond, Pale Goldenrod, Dark Fuchsia, Pale Cerulean, Auburn, Silver Chalice
10:34:31| Created - 10:34:22.730123: Large marble: Winner, marbles: Antique Bronze, Royal Blue, Safety Yellow, Liver Chestnut, Mango Tango, Chinese Red, Orange Peel
10:34:31| Created - 10:34:22.816305: Large marble: Sure Shot, marbles: Russian Green, Mango Tango, Orange Peel, Ruby, Royal Blue, Lilac Luster, Candy Pink
10:34:31| Created - 10:34:22.903666: Large marble: Big Joe, marbles: Mulberry, Antique Brass, La Salle Green, White Smoke, Terra Cotta, Rose Dust, Emerald
10:34:31| Created - 10:34:22.990939: Large marble: Hercules, marbles: Blue, Shandy, Gold, Terra Cotta, Dark Moss Green, Pastel Blue, Liver Chestnut
10:34:31| Created - 10:34:23.073826: Large marble: Big Joe, marbles: Pale Plum, Pale Goldenrod, Mulberry, Thulian Pink, Honeydew, Candy Pink, Middle Green
10:34:31| Created - 10:34:23.158580: Large marble: Big Joe, marbles: Vegas Gold, Terra Cotta, Duke Blue, Royal Orange, Light Orange, Pale Plum, Venetian Red
10:34:31| Created - 10:34:23.241536: Large marble: Lucky, marbles: Auburn, Thulian Pink, Liver Chestnut, Royal Red, Lemon Lime, Gold, Terra Cotta
10:34:31| Created - 10:34:23.325297: Large marble: Big Joe, marbles: Pale Goldenrod, Liver Chestnut, Vegas Gold, Candy Pink, Pastel Gray, Rose Quartz, Mulberry
10:34:31| Created - 10:34:23.413420: Large marble: Lucky, marbles: White Smoke, Brown, Mode Beige, Silver Chalice, Safety Yellow, Arylide Yellow, Safety Yellow
10:34:31| Created - 10:34:23.498998: Large marble: 5-Star, marbles: Safety Yellow, Terra Cotta, Safety Yellow, Platinum, Pale Cerulean, Russian Green, Maximum Violet
10:34:31| Created - 10:34:23.585167: Large marble: Hercules, marbles: Black Coral, Emerald, Silver Chalice, Spanish Pink, Mint Cream, Dark Fuchsia, Indigo
10:34:31| Created - 10:34:23.671368: Large marble: Sure Shot, marbles: Icterine, Orange Peel, Dark Moss Green, Bistre Brown, Neon Silver, Golden Yellow, Thulian Pink
10:34:31| Created - 10:34:23.756739: Large marble: Apollo, marbles: Antique Bronze, La Salle Green, Spanish Orange, Russian Green, Big Dip O’ruby, Russian Green, Mulberry
10:34:31| Created - 10:34:23.841791: Large marble: Winner, marbles: Mint Cream, Cobalt Blue, Beaver, Lumber, Isabelline, Outrageous Orange, La Salle Green
10:34:31| Created - 10:34:23.925957: Large marble: 5-Star, marbles: Tuscan Brown, Terra Cotta, Purple Plum, Mint Green, Lumber, Indigo, Eerie Black
10:34:31| Created - 10:34:24.012454: Large marble: Spinner, marbles: Isabelline, Royal Red, Neon Pink, Lilac Luster, Antique Brass, Zomp, Liver Chestnut
10:34:31| Created - 10:34:24.100448: Large marble: Big Joe, marbles: Pale Plum, Pale Plum, Light Orange, Pale Taupe, Eerie Black, Orange Peel, Maximum Violet
10:34:31| Created - 10:34:24.186301: Large marble: Lucky, marbles: Black Coral, Big Dip O’ruby, Dark Fuchsia, Liver Chestnut, Mint Green, Ivory, Dark Fuchsia
10:34:31| Created - 10:34:24.270630: Large marble: Lucky, marbles: Orange Peel, Mode Beige, Indigo, Neon Silver, Bistre Brown, Pastel Gray, Pale Plum
10:34:31| Created - 10:34:24.359093: Large marble: Lucky, marbles: Purple Plum, Sage, Terra Cotta, Royal Orange, Terra Cotta, Middle Green Yellow, Lavender Blue
10:34:31| Created - 10:34:24.443104: Large marble: Apollo, marbles: Sheen Green, Terra Cotta, Antique Bronze, Venetian Red, Duke Blue, Russian Green, Middle Green Yellow
10:34:31| Created - 10:34:24.528592: Large marble: Lucky, marbles: Thulian Pink, Thulian Pink, Neon Dark Green, Black Coral, Cotton Candy, Vegas Gold, Mulberry
10:34:31| Created - 10:34:24.616467: Large marble: Big Joe, marbles: Russian Green, Thulian Pink, Sage, La Salle Green, Gold, Almond, Lavender Purple
10:34:31| Created - 10:34:24.701505: Large marble: Apollo, marbles: Honeydew, Pale Plum, Royal Red, Brown, Green, Venetian Red, Royal Red
10:34:31| Created - 10:34:24.782679: Large marble: Lucky, marbles: Antique Brass, Isabelline, La Salle Green, Arylide Yellow, Bistre Brown, Granny Smith Apple, Venetian Red
10:34:31| Created - 10:34:24.869496: Large marble: Hercules, marbles: Mint Cream, Pastel Blue, Lemon Lime, Blue Bell, Lemon Lime, Cobalt Blue, Royal Red
10:34:31| Created - 10:34:24.953988: Large marble: Hercules, marbles: Honeydew, Sheen Green, Mimi Pink, Mango Tango, Blue-Green, Dark Moss Green, Tuscan Brown
10:34:31| Created - 10:34:25.040118: Large marble: Lucky, marbles: Spanish Carmine, Orange Soda, Outrageous Orange, Russian Violet, Arylide Yellow, Stop Red, Venetian Red
10:34:31| Created - 10:34:25.127791: Large marble: Hercules, marbles: Blue-Green, Liver Chestnut, Platinum, Royal Red, Royal Blue, Antique Brass, Pale Goldenrod
10:34:31| Created - 10:34:25.216145: Large marble: Big Joe, marbles: Purple, Venetian Red, Icterine, Blue Bell, Light Orange, Sheen Green, Tuscan Brown
10:34:31| Created - 10:34:25.299789: Large marble: Lucky, marbles: Neon Silver, Lavender Blue, Spanish Carmine, Thulian Pink, Mulberry, Duke Blue, Golden Yellow
10:34:31| Created - 10:34:25.387162: Large marble: Zeus, marbles: Blue, Pale Plum, Russian Violet, Isabelline, Ivory, Icterine, Antique Bronze
10:34:31| Created - 10:34:25.474713: Large marble: Apollo, marbles: Mint Cream, Gold, Silver Chalice, Honeydew, Lavender Purple, Purple Plum, Antique Bronze
10:34:31| Created - 10:34:25.562628: Large marble: Apollo, marbles: Royal Blue, Spanish Carmine, Royal Blue, Granny Smith Apple, Chinese Red, Arylide Yellow, Blue-Green
10:34:31| Created - 10:34:25.650618: Large marble: Zeus, marbles: Pale Plum, Dark Fuchsia, Lumber, Tuscan Brown, Brown, Blue Bell, Chinese Red
10:34:31| Created - 10:34:25.739434: Large marble: Spinner, marbles: Brink Pink, Light Orange, Lilac Luster, Ruby, Neon Pink, Cotton Candy, Stop Red
10:34:31| Created - 10:34:25.826682: Large marble: Hercules, marbles: Golden Yellow, Lilac Luster, Gold, Lilac Luster, Maximum Blue, Granny Smith Apple, Maximum Blue
10:34:31| Created - 10:34:25.909183: Large marble: 5-Star, marbles: Pastel Blue, Candy Pink, Ivory, Middle Red Purple, Beaver, Blue, Platinum
10:34:31| Created - 10:34:25.994675: Large marble: 5-Star, marbles: Brown, Granny Smith Apple, Emerald, Almond, Gold, Middle Green Yellow, Lemon Lime
10:34:31| Created - 10:34:26.081953: Large marble: Lucky, marbles: Fiery Rose, Orange Soda, Antique Bronze, Mint Green, Neon Dark Green, Pale Taupe, Safety Yellow
10:34:31| Created - 10:34:26.168122: Large marble: Apollo, marbles: Vegas Gold, Orange Soda, Middle Green, Antique Brass, Spanish Carmine, Platinum, Spanish Carmine
10:34:31| Created - 10:34:26.251609: Large marble: Sure Shot, marbles: Light Orchid, Spanish Carmine, Mimi Pink, Shandy, Spanish Pink, Mimi Pink, Gold
10:34:31| Created - 10:34:26.337177: Large marble: Big Joe, marbles: Silver Chalice, Blue-Green, Auburn, Big Dip O’ruby, Mode Beige, Zomp, Green
10:34:31| Created - 10:34:26.424935: Large marble: Lucky, marbles: Honeydew, Dark Moss Green, Indigo, Black Coral, Pastel Gray, White Smoke, Big Dip O’ruby
10:34:31| Created - 10:34:26.510330: Large marble: Spinner, marbles: Zomp, Pale Taupe, Black Coral, Dark Fuchsia, Pastel Gray, Duke Blue, Purple
10:34:31| Created - 10:34:26.592324: Large marble: 5-Star, marbles: Chinese Red, Purple, La Salle Green, Neon Silver, Candy Pink, Sage, Maximum Violet
10:34:31| Created - 10:34:26.679961: Large marble: 5-Star, marbles: Mimi Pink, Liver Chestnut, Vegas Gold, Liver Chestnut, Auburn, Honeydew, Duke Blue
10:34:31| Created - 10:34:26.763534: Large marble: Big Joe, marbles: Bistre Brown, Outrageous Orange, Emerald, Honeydew, Beaver, Rose Quartz, Lemon Lime
10:34:31| Created - 10:34:26.851780: Large marble: Apollo, marbles: Maximum Purple, Middle Green Yellow, Russian Violet, Emerald, Orange Soda, Purple Plum, Maximum Blue
10:34:31| Created - 10:34:26.937422: Large marble: Apollo, marbles: Platinum, Stop Red, Royal Blue, Zomp, Orange Peel, Shandy, Duke Blue
10:34:31| Created - 10:34:27.018476: Large marble: Winner, marbles: Russian Violet, Neon Pink, Pale Cerulean, Shandy, Lavender Blue, Shandy, Royal Red
10:34:31| Created - 10:34:27.104635: Large marble: Big Joe, marbles: Lemon Lime, Purple Plum, White Smoke, Almond, Bistre Brown, Rose Dust, Orange Soda
10:34:31| Created - 10:34:27.189671: Large marble: Big Joe, marbles: Middle Red Purple, Green, Middle Green Yellow, Maximum Violet, Spanish Orange, Fiery Rose, Honeydew
10:34:31| Created - 10:34:27.273232: Large marble: Lucky, marbles: Stop Red, Lumber, Sage, Neon Silver, Golden Yellow, Spanish Pink, Brown
10:34:31| Created - 10:34:27.360581: Large marble: Big Joe, marbles: Terra Cotta, Tuscan Brown, Big Dip O’ruby, Lemon Lime, Lumber, Venetian Red, Golden Yellow
10:34:31| Created - 10:34:27.447994: Large marble: Lucky, marbles: Neon Silver, Gold, Mango Tango, Russian Green, Mint Green, Spanish Carmine, Tuscan Brown
10:34:31| Created - 10:34:27.534317: Large marble: 5-Star, marbles: Venetian Red, Vegas Gold, Stop Red, Big Dip O’ruby, Liver Chestnut, Indigo, Pastel Gray
10:34:31| Created - 10:34:27.621122: Large marble: 5-Star, marbles: Blue, Antique Bronze, Safety Yellow, Neon Dark Green, Spanish Carmine, Black Coral, Pastel Blue
10:34:31| Created - 10:34:27.709018: Large marble: Hercules, marbles: Sage, Royal Orange, Green, Big Dip O’ruby, Royal Blue, Duke Blue, Orange Soda
10:34:31| Created - 10:34:27.797254: Large marble: Hercules, marbles: Antique Bronze, Light Orange, Granny Smith Apple, Maximum Violet, Blue Bell, Arylide Yellow, Fiery Rose
10:34:31| Created - 10:34:27.883983: Large marble: Zeus, marbles: Russian Violet, Cobalt Blue, Stop Red, Safety Yellow, Blue, Beaver, Russian Violet
10:34:31| Created - 10:34:27.971748: Large marble: Winner, marbles: Ivory, Arylide Yellow, Platinum, Arylide Yellow, Lavender Purple, Silver Pink, Pale Goldenrod
10:34:31| Created - 10:34:28.059124: Large marble: Big Joe, marbles: Orange Soda, Pale Plum, Outrageous Orange, Beaver, Russian Green, Outrageous Orange, Cotton Candy
10:34:31| Created - 10:34:28.143612: Large marble: Sure Shot, marbles: Royal Red, Bistre Brown, Granny Smith Apple, Blue-Green, Neon Pink, Blue-Green, Lilac Luster
10:34:31| Created - 10:34:28.229989: Large marble: Apollo, marbles: Outrageous Orange, Dark Fuchsia, Sheen Green, Dark Fuchsia, Antique Bronze, La Salle Green, Mode Beige
10:34:31| Created - 10:34:28.309766: Large marble: Lucky, marbles: Pale Taupe, Blue-Green, Auburn, Maximum Purple, Spanish Pink, Duke Blue, Blue
10:34:31| Created - 10:34:28.392684: Large marble: 5-Star, marbles: Big Dip O’ruby, Cotton Candy, Stop Red, La Salle Green, Neon Dark Green, Royal Blue, Terra Cotta
10:34:31| Created - 10:34:28.479203: Large marble: Big Joe, marbles: Pale Plum, Thulian Pink, Sage, Gold, Emerald, Maximum Violet, Mint Green
10:34:31| Created - 10:34:28.565842: Large marble: Spinner, marbles: Gold, Honeydew, Antique Brass, Slate Blue, Golden Yellow, Arylide Yellow, Cotton Candy
10:34:31| Created - 10:34:28.653522: Large marble: Big Joe, marbles: Silver Chalice, Middle Green, Antique Brass, Bistre Brown, Fiery Rose, Duke Blue, Mimi Pink
10:34:31| Created - 10:34:28.739044: Large marble: Lucky, marbles: Almond, Brown, Chinese Red, Vegas Gold, Brown, Light Orchid, Golden Yellow
10:34:31| Created - 10:34:28.822954: Large marble: 5-Star, marbles: Neon Silver, Lavender Blue, Stop Red, Neon Silver, Fiery Rose, Middle Green Yellow, Mango Tango
10:34:31| Created - 10:34:28.907069: Large marble: Winner, marbles: Fiery Rose, Ruby, Silver Chalice, Tuscan Brown, Antique Bronze, Pastel Blue, Terra Cotta
10:34:31| Created - 10:34:28.992441: Large marble: Sure Shot, marbles: Royal Red, Tuscan Brown, Cobalt Blue, Fiery Rose, Pale Plum, Silver Pink, Middle Green
10:34:31| Created - 10:34:29.080837: Large marble: Apollo, marbles: Lavender Purple, Auburn, Fiery Rose, Thulian Pink, Mint Green, Antique Bronze, Russian Green
10:34:31| Created - 10:34:29.164583: Large marble: 5-Star, marbles: Emerald, Emerald, Middle Red Purple, Pale Taupe, Purple Plum, Lavender Purple, Purple Plum
10:34:31| Created - 10:34:29.249760: Large marble: Winner, marbles: Beaver, Cobalt Blue, Dark Fuchsia, Duke Blue, Sheen Green, Spanish Carmine, Pastel Blue
10:34:31| Created - 10:34:29.336935: Large marble: Lucky, marbles: Blue, Antique Brass, Brink Pink, Rose Quartz, White Smoke, Duke Blue, Brink Pink
10:34:31| Created - 10:34:29.423182: Large marble: Apollo, marbles: Ruby, Arylide Yellow, Gold, Middle Green Yellow, Middle Green, Mulberry, Light Orange
10:34:31| Created - 10:34:29.508830: Large marble: Zeus, marbles: Outrageous Orange, Vegas Gold, Pale Plum, Light Orange, Arylide Yellow, Maximum Purple, Isabelline
10:34:31| Created - 10:34:29.596797: Large marble: Lucky, marbles: Sheen Green, Indigo, Platinum, Maximum Blue, Ivory, Shandy, Dark Moss Green
10:34:31| Created - 10:34:29.681098: Large marble: Zeus, marbles: Silver Chalice, Shandy, Neon Silver, Green, Lemon Lime, Neon Pink, Pale Cerulean
10:34:31| Created - 10:34:29.765664: Large marble: Hercules, marbles: Rose Quartz, Brown, Sage, Green, Stop Red, Antique Bronze, Arylide Yellow
10:34:31| Created - 10:34:29.848328: Large marble: Winner, marbles: Zomp, Stop Red, Beaver, Gold, Blue, Pale Taupe, Lilac Luster
10:34:31| Created - 10:34:29.931402: Large marble: Hercules, marbles: Middle Green, Russian Violet, Purple Plum, Sheen Green, Pale Plum, Neon Pink, Indigo
10:34:31| Created - 10:34:30.010265: Large marble: Big Joe, marbles: Terra Cotta, Indigo, Indigo, Lemon Lime, Cotton Candy, Granny Smith Apple, Sage
10:34:31| Created - 10:34:30.098047: Large marble: Apollo, marbles: Purple, Antique Bronze, Mimi Pink, Sheen Green, Middle Green, Pale Cerulean, Middle Red Purple
10:34:31| Created - 10:34:30.182444: Large marble: 5-Star, marbles: Blue, Russian Green, Liver Chestnut, Platinum, Big Dip O’ruby, Orange Peel, Thulian Pink
10:34:31| Created - 10:34:30.268566: Large marble: 5-Star, marbles: Mode Beige, Green, Royal Red, Spanish Orange, Pastel Blue, Maximum Blue, Venetian Red
10:34:31| Created - 10:34:30.355715: Large marble: Spinner, marbles: Liver Chestnut, Liver Chestnut, Dark Moss Green, Brink Pink, La Salle Green, Dark Fuchsia, Lavender Purple
10:34:31| Created - 10:34:30.443342: Large marble: Lucky, marbles: Liver Chestnut, Light Orange, Green, Spanish Orange, Pastel Blue, Outrageous Orange, Auburn
10:34:31| Created - 10:34:30.529022: Large marble: Spinner, marbles: Antique Brass, Cobalt Blue, Pastel Blue, Pale Taupe, Mimi Pink, Spanish Orange, Royal Blue
10:34:31| Created - 10:34:30.616057: Large marble: 5-Star, marbles: Mulberry, Lavender Blue, Ivory, Pastel Blue, Antique Bronze, Antique Bronze, Lavender Purple
10:34:31| Created - 10:34:30.699270: Large marble: 5-Star, marbles: Shandy, Pale Plum, Maximum Violet, Silver Chalice, Sheen Green, Mango Tango, Big Dip O’ruby
10:34:31| Created - 10:34:30.787670: Large marble: Big Joe, marbles: Venetian Red, Neon Dark Green, Orange Soda, Pale Plum, Arylide Yellow, Middle Red Purple, Orange Soda
10:34:31| Created - 10:34:30.874575: Large marble: Winner, marbles: Ruby, Pastel Gray, Silver Pink, Pale Plum, Granny Smith Apple, Middle Green, Middle Red Purple
10:34:31| Created - 10:34:30.962109: Large marble: Lucky, marbles: Mode Beige, Pastel Gray, Icterine, Rose Quartz, Blue, Ruby, Pastel Blue
10:34:31| Gifts created: 142
