11:07:25| --------------------------------------------------------------------------------
11:07:25| Primes: 0
11:07:25|  
11:07:25| --------------------------------------------------------------------------------
11:07:25| Words: 0
11:07:25|  
11:07:25| --------------------------------------------------------------------------------
11:07:25| Uppercase: 0
11:07:25|  
11:07:25| --------------------------------------------------------------------------------
11:07:25| Sums: 0
11:07:25|  
11:07:25| --------------------------------------------------------------------------------
11:07:25| Names: 0
11:07:25|  
11:07:25| Number of Primes tasks: 0
11:07:25| Number of Words tasks: 0
11:07:25| Number of Uppercase tasks: 0
11:07:25| Number of Sums tasks: 0
11:07:25| Number of Names tasks: 0
11:07:25| Total time to process 5 tasks = 0.06695975
