11:11:16| --------------------------------------------------------------------------------
11:11:16| Primes: 1
11:11:16| 9638760730083 is not prime
11:11:16|  
11:11:16| --------------------------------------------------------------------------------
11:11:16| Words: 1
11:11:16| amusement found
11:11:16|  
11:11:16| --------------------------------------------------------------------------------
11:11:16| Uppercase: 1
11:11:16| inject ==> INJECT
11:11:16|  
11:11:16| --------------------------------------------------------------------------------
11:11:16| Sums: 1
11:11:16| sum of 424 to 694,818 = 241,386,284,295
11:11:16|  
11:11:16| --------------------------------------------------------------------------------
11:11:16| Names: 1
11:11:16| http://127.0.0.1:8790/people/2/ has name C-3PO
11:11:16|  
11:11:16| Number of Primes tasks: 1
11:11:16| Number of Words tasks: 1
11:11:16| Number of Uppercase tasks: 1
11:11:16| Number of Sums tasks: 1
11:11:16| Number of Names tasks: 1
11:11:16| Total time to process 5 tasks = 2.49931662
