14:21:33| --------------------------------------------------------------------------------
14:21:33| Primes: 1
14:21:33| 9638760730083 is not prime
14:21:33|  
14:21:33| --------------------------------------------------------------------------------
14:21:33| Words: 1
14:21:33| amusement found
14:21:33|  
14:21:33| --------------------------------------------------------------------------------
14:21:33| Uppercase: 1
14:21:33| inject ==> INJECT
14:21:33|  
14:21:33| --------------------------------------------------------------------------------
14:21:33| Sums: 1
14:21:33| sum of 424 to 694,818 = 241,386,284,295
14:21:33|  
14:21:33| --------------------------------------------------------------------------------
14:21:33| Names: 1
14:21:33| http://127.0.0.1:8790/people/2/ has name C-3PO
14:21:33|  
14:21:33| Number of Primes tasks: 1
14:21:33| Number of Words tasks: 1
14:21:33| Number of Uppercase tasks: 1
14:21:33| Number of Sums tasks: 1
14:21:33| Number of Names tasks: 1
14:21:33| Total time to process 5 tasks = 2.83977717
