10:33:07| ****************************************
10:33:07| Part 1
10:33:07| 
10:33:07| File: verysmall.bmp
10:33:07| Number of drawing commands for = 52
10:33:21| Found path has length          = 1
10:33:21| 
10:33:21| File: verysmall-loops.bmp
10:33:21| Number of drawing commands for = 172
10:33:22| Found path has length          = 1
10:33:22| 
10:33:22| File: small.bmp
10:33:22| Number of drawing commands for = 1092
10:33:22| Found path has length          = 1
10:33:22| 
10:33:22| File: small-loops.bmp
10:33:22| Number of drawing commands for = 1092
10:33:23| Found path has length          = 1
10:33:23| 
10:33:23| File: small-odd.bmp
10:33:23| Number of drawing commands for = 1092
10:33:25| Found path has length          = 1
10:33:25| 
10:33:25| File: small-open.bmp
10:33:25| Number of drawing commands for = 1092
10:33:25| Found path has length          = 1
10:33:25| 
10:33:25| File: large.bmp
10:33:25| Number of drawing commands for = 16644
10:33:26| Found path has length          = 1
10:33:26| 
10:33:26| File: large-loops.bmp
10:33:26| Number of drawing commands for = 16644
10:33:27| Found path has length          = 1
10:33:27| ****************************************
