10:31:09| ****************************************
10:31:09| Part 1
10:31:09| 
10:31:09| File: verysmall.bmp
10:31:09| Number of drawing commands for = 52
10:31:16| Found path has length          = 1
10:31:16| 
10:31:16| File: verysmall-loops.bmp
10:31:16| Number of drawing commands for = 172
10:31:17| Found path has length          = 1
10:31:17| 
10:31:17| File: small.bmp
10:31:17| Number of drawing commands for = 1092
10:31:18| Found path has length          = 1
10:31:18| 
10:31:18| File: small-loops.bmp
10:31:18| Number of drawing commands for = 1092
10:31:19| Found path has length          = 1
10:31:19| 
10:31:19| File: small-odd.bmp
10:31:19| Number of drawing commands for = 1092
10:31:24| Found path has length          = 1
10:31:24| 
10:31:24| File: small-open.bmp
10:31:24| Number of drawing commands for = 1092
10:31:40| Found path has length          = 1
10:31:40| 
10:31:40| File: large.bmp
10:31:40| Number of drawing commands for = 16644
10:31:42| Found path has length          = 1
10:31:42| 
10:31:42| File: large-loops.bmp
10:31:42| Number of drawing commands for = 16644
10:31:43| Found path has length          = 1
10:31:43| ****************************************
