10:19:48| ****************************************
10:19:48| Part 2
10:19:48| 
10:19:48| File: verysmall.bmp
10:19:48| Number of drawing commands = 82
10:19:48| Number of threads created  = 3
10:19:52| 
10:19:52| File: verysmall-loops.bmp
10:19:52| Number of drawing commands = 322
10:19:52| Number of threads created  = 9
10:20:03| 
10:20:03| File: small.bmp
10:20:03| Number of drawing commands = 1662
10:20:03| Number of threads created  = 27
10:20:07| 
10:20:07| File: small-loops.bmp
10:20:07| Number of drawing commands = 2050
10:20:07| Number of threads created  = 57
10:20:09| 
10:20:09| File: small-odd.bmp
10:20:09| Number of drawing commands = 2212
10:20:09| Number of threads created  = 214
10:20:11| 
10:20:11| File: small-open.bmp
10:20:11| Number of drawing commands = 2582
10:20:11| Number of threads created  = 795
10:20:27| 
10:20:27| File: large.bmp
10:20:27| Number of drawing commands = 32576
10:20:27| Number of threads created  = 1192
10:20:32| 
10:20:32| File: large-loops.bmp
10:20:32| Number of drawing commands = 25300
10:20:32| Number of threads created  = 1513
10:20:40| ****************************************
