10:29:55| ****************************************
10:29:55| Part 2
10:29:55| 
10:29:55| File: verysmall.bmp
10:29:55| Number of drawing commands = 82
10:29:55| Number of threads created  = 3
10:30:05| 
10:30:05| File: verysmall-loops.bmp
10:30:05| Number of drawing commands = 258
10:30:05| Number of threads created  = 8
10:30:07| 
10:30:07| File: small.bmp
10:30:07| Number of drawing commands = 1108
10:30:07| Number of threads created  = 11
10:30:12| 
10:30:12| File: small-loops.bmp
10:30:12| Number of drawing commands = 1158
10:30:12| Number of threads created  = 31
10:30:21| 
10:30:21| File: small-odd.bmp
10:30:21| Number of drawing commands = 1102
10:30:21| Number of threads created  = 60
10:30:31| 
10:30:31| File: small-open.bmp
10:30:31| Number of drawing commands = 1430
10:30:31| Number of threads created  = 423
10:30:50| 
10:30:50| File: large.bmp
10:30:50| Number of drawing commands = 16710
10:30:50| Number of threads created  = 806
10:31:05| 
10:31:05| File: large-loops.bmp
10:31:05| Number of drawing commands = 16728
10:31:05| Number of threads created  = 1145
10:31:21| ****************************************
