10:55:10| ****************************************
10:55:10| Part 2
10:55:10| 
10:55:10| File: verysmall.bmp
10:55:10| Number of drawing commands = 72
10:55:10| Number of threads created  = 2
10:55:12| 
10:55:12| File: verysmall-loops.bmp
10:55:12| Number of drawing commands = 266
10:55:12| Number of threads created  = 8
10:55:13| 
10:55:13| File: small.bmp
10:55:13| Number of drawing commands = 1178
10:55:13| Number of threads created  = 15
10:55:13| 
10:55:13| File: small-loops.bmp
10:55:13| Number of drawing commands = 1146
10:55:13| Number of threads created  = 30
10:55:14| 
10:55:14| File: small-odd.bmp
10:55:14| Number of drawing commands = 1100
10:55:14| Number of threads created  = 58
10:55:14| 
10:55:14| File: small-open.bmp
10:55:14| Number of drawing commands = 1120
10:55:14| Number of threads created  = 227
10:55:14| 
10:55:14| File: large.bmp
10:55:14| Number of drawing commands = 16938
10:55:14| Number of threads created  = 808
10:55:16| 
10:55:16| File: large-loops.bmp
10:55:16| Number of drawing commands = 16800
10:55:16| Number of threads created  = 1165
10:55:18| ****************************************
