09:36:12| 

09:36:12| #############################################
09:36:12| Depth First Search: 6 generations
09:36:12| #############################################
09:36:17| 5.32456837
09:36:17| 


09:36:17| ************* TREE DISPLAY *************
09:36:17| Family id: 5002336250
09:36:17|   Husband: Joshua, 19-10-1987
09:36:17|   Wife: Bella, 29-3-1756
09:36:17|   Husband Parents: Samuel and Riley
09:36:17|   Wife Parents: Isaac and Mia
09:36:17|   Children: Riley, Mason, Lillian, Lillian, Lucy
09:36:17| Family id: 5005450949
09:36:17|   Husband: Samuel, 17-10-1891
09:36:17|   Wife: Riley, 10-4-1935
09:36:17|   Husband Parents: Mateo and Avery
09:36:17|   Wife Parents: Carter and Lily
09:36:17|   Children: Carter, Luke, Natalie, Mia, Joshua
09:36:17| Family id: 5035686234
09:36:17|   Husband: Isaac, 2-3-1946
09:36:17|   Wife: Mia, 10-11-1934
09:36:17|   Husband Parents: Gabriel and Camila
09:36:17|   Wife Parents: Josiah and Camila
09:36:17|   Children: Levi, Grace, Riley, Lillian, Samuel, Bella
09:36:17| Family id: 4884188138
09:36:17|   Husband: Josiah, 16-4-1866
09:36:17|   Wife: Camila, 1-6-1917
09:36:17|   Husband Parents: Julian and Zoey
09:36:17|   Wife Parents: Carter and Zoe
09:36:17|   Children: Samuel, Sophia, Mila, Theodore, Luna, Mia
09:36:17| Family id: 5038006309
09:36:17|   Husband: Gabriel, 11-2-1838
09:36:17|   Wife: Camila, 3-8-1917
09:36:17|   Husband Parents: Dylan and Willow
09:36:17|   Wife Parents: Anthony and Zoe
09:36:17|   Children: Gabriel, Victoria, Isaac
09:36:17| Family id: 5008557520
09:36:17|   Husband: Mateo, 10-1-1806
09:36:17|   Wife: Avery, 1-6-1822
09:36:17|   Husband Parents: Samuel and Zoey
09:36:17|   Wife Parents: Joseph and Chloe
09:36:17|   Children: Andrew, Olivia, Scarlett, Isaac, Gabriel, Asher, Samuel
09:36:17| Family id: 4988170133
09:36:17|   Husband: Carter, 15-9-1779
09:36:17|   Wife: Lily, 28-6-1786
09:36:17|   Husband Parents: Hudson and Violet
09:36:17|   Wife Parents: Jackson and Evelyn
09:36:17|   Children: Ethan, Wyatt, Julian, Gabriel, Christopher, Abigail, Aiden, Addison, Riley
09:36:17| Family id: 4841472834
09:36:17|   Husband: Carter, 3-8-1879
09:36:17|   Wife: Zoe, 13-10-1962
09:36:17|   Husband Parents: Sebastian and Harper
09:36:17|   Wife Parents: James and Violet
09:36:17|   Children: Aria, Chloe, Luke, Dylan, Julian, Ellie, Camila
09:36:17| Family id: 5063195037
09:36:17|   Husband: Anthony, 8-7-1954
09:36:17|   Wife: Zoe, 16-3-1763
09:36:17|   Husband Parents: David and Lily
09:36:17|   Wife Parents: Julian and Leah
09:36:17|   Children: Violet, Anthony, Josiah, Noah, Isabella, Aurora, Camila
09:36:17| Family id: 5041121072
09:36:17|   Husband: Dylan, 26-12-1935
09:36:17|   Wife: Willow, 13-1-1815
09:36:17|   Husband Parents: William and Chloe
09:36:17|   Wife Parents: Asher and Sophia
09:36:17|   Children: Scarlett, Eleanor, Henry, Owen, Gabriel
09:36:17| Family id: 4887311093
09:36:17|   Husband: Julian, 1-2-1886
09:36:17|   Wife: Zoey, 11-12-1814
09:36:17|   Husband Parents: Matthew and Willow
09:36:17|   Wife Parents: Michael and Violet
09:36:17|   Children: Joshua, Aiden, Violet, Emma, Ellie, Aurora, Violet, Charlotte, Josiah
09:36:17| Family id: 4991293024
09:36:17|   Husband: Hudson, 13-1-1881
09:36:17|   Wife: Violet, 6-7-1865
09:36:17|   Husband Parents: Anthony and Emily
09:36:17|   Wife Parents: Andrew and Lucy
09:36:17|   Children: Joseph, Theodore, Carter
09:36:17| Family id: 4966898952
09:36:17|   Husband: Joseph, 16-5-1835
09:36:17|   Wife: Chloe, 18-8-1852
09:36:17|   Husband Parents: Oliver and Amelia
09:36:17|   Wife Parents: Dylan and Emilia
09:36:17|   Children: Stella, Aurora, Avery
09:36:17| Family id: 5011672251
09:36:17|   Husband: Samuel, 30-11-1872
09:36:17|   Wife: Zoey, 10-2-1781
09:36:17|   Husband Parents: Ethan and Ella
09:36:17|   Wife Parents: Benjamin and Victoria
09:36:17|   Children: Jacob, Natalie, Nora, Nora, Scarlett, Layla, Scarlett, Mateo
09:36:17| Family id: 5080721613
09:36:17|   Husband: Jackson, 29-10-1762
09:36:17|   Wife: Evelyn, 9-5-1845
09:36:17|   Husband Parents: Michael and Aubrey
09:36:17|   Wife Parents: Michael and Charlotte
09:36:17|   Children: Alexander, Ethan, Lily
09:36:17| Family id: 4994407755
09:36:17|   Husband: Anthony, 9-12-1931
09:36:17|   Wife: Emily, 18-5-1905
09:36:17|   Husband Parents: Aiden and Camila
09:36:17|   Wife Parents: Noah and Evelyn
09:36:17|   Children: Abigail, Hannah, Dylan, Daniel, Emilia, Audrey, Lily, Ava, Hudson
09:36:17| Family id: 4844587565
09:36:17|   Husband: Sebastian, 15-5-2015
09:36:17|   Wife: Harper, 29-6-1798
09:36:17|   Husband Parents: Aiden and Penelope
09:36:17|   Wife Parents: Liam and Stella
09:36:17|   Children: Mateo, Andrew, Sophia, Michael, Elijah, Carter
09:36:17| Family id: 4874589481
09:36:17|   Husband: Julian, 8-11-1887
09:36:17|   Wife: Leah, 6-2-1962
09:36:17|   Husband Parents: David and Lillian
09:36:17|   Wife Parents: William and Natalie
09:36:17|   Children: Jackson, Emilia, William, Jacob, Zoe
09:36:17| Family id: 4831866497
09:36:17|   Husband: Michael, 17-3-1880
09:36:17|   Wife: Violet, 4-4-1843
09:36:17|   Husband Parents: Jayden and Evelyn
09:36:17|   Wife Parents: Isaac and Victoria
09:36:17|   Children: Aurora, Stella, Hazel, Everly, Sofia, Hazel, Aubrey, Jacob, Zoey
09:36:17| Family id: 4854194414
09:36:17|   Husband: James, 21-6-1835
09:36:17|   Wife: Violet, 13-5-1957
09:36:17|   Husband Parents: Joshua and Audrey
09:36:17|   Wife Parents: Leo and Zoe
09:36:17|   Children: Noah, Mia, Carter, Zoe
09:36:17| Family id: 4889639360
09:36:17|   Husband: Matthew, 7-4-1853
09:36:17|   Wife: Willow, 24-3-1837
09:36:17|   Husband Parents: Ethan and Olivia
09:36:17|   Wife Parents: Andrew and Zoe
09:36:17|   Children: Aubrey, Madison, Asher, Alexander, Eleanor, Matthew, Julian
09:36:17| Family id: 5071122956
09:36:17|   Husband: Andrew, 30-6-1970
09:36:17|   Wife: Lucy, 2-2-1909
09:36:17|   Husband Parents: Owen and Ellie
09:36:17|   Wife Parents: Levi and Leah
09:36:17|   Children: Christopher, Elijah, Emily, Sofia, Isaac, Violet
09:36:17| Family id: 5066563688
09:36:17|   Husband: David, 10-12-1940
09:36:17|   Wife: Lily, 27-3-1898
09:36:17|   Husband Parents: Henry and Charlotte
09:36:17|   Wife Parents: Julian and Abigail
09:36:17|   Children: Henry, William, Julian, Layla, Elijah, Anthony
09:36:17| Family id: 5044235803
09:36:17|   Husband: William, 17-7-1886
09:36:17|   Wife: Chloe, 5-1-1904
09:36:17|   Husband Parents: Anthony and Willow
09:36:17|   Wife Parents: Dylan and Grace
09:36:17|   Children: Avery, Grace, Harper, Jacob, Aurora, Grace, Mason, Bella, Dylan
09:36:17| Family id: 5053842652
09:36:17|   Husband: Asher, 23-3-1801
09:36:17|   Wife: Sophia, 4-12-1884
09:36:17|   Husband Parents: John and Emily
09:36:17|   Wife Parents: Alexander and Emma
09:36:17|   Children: Addison, William, Oliver, Aubrey, Carter, Hazel, Willow
09:36:17| Family id: 4970005523
09:36:17|   Husband: Oliver, 20-5-1953
09:36:17|   Wife: Amelia, 17-10-1807
09:36:17|   Husband Parents: Noah and Nora
09:36:17|   Wife Parents: John and Eleanor
09:36:17|   Children: Sofia, Audrey, Wyatt, Eleanor, Scarlett, Joseph
09:36:17| Family id: 5083836376
09:36:17|   Husband: Michael, 17-8-1931
09:36:17|   Wife: Aubrey, 22-5-1803
09:36:17|   Husband Parents: Asher and Leah
09:36:17|   Wife Parents: Asher and Mila
09:36:17|   Children: Lucy, Jackson, Madison, Anthony, Chloe, Emilia, Leah, Ella, Jackson
09:36:17| Family id: 4979620564
09:36:17|   Husband: Dylan, 27-6-1834
09:36:17|   Wife: Emilia, 5-3-1979
09:36:17|   Husband Parents: Leo and Evelyn
09:36:17|   Wife Parents: John and Ella
09:36:17|   Children: Levi, Sofia, Olivia, Evelyn, Hudson, Leah, Luke, Lincoln, Chloe
09:36:17| Family id: 5093442713
09:36:17|   Husband: Michael, 25-6-1886
09:36:17|   Wife: Charlotte, 21-2-1993
09:36:17|   Husband Parents: John and Victoria
09:36:17|   Wife Parents: Samuel and Leah
09:36:17|   Children: Aurora, Andrew, Aurora, Elizabeth, Zoe, Joseph, Evelyn
09:36:17| Family id: 5024393287
09:36:17|   Husband: Benjamin, 2-4-1830
09:36:17|   Wife: Victoria, 8-11-1881
09:36:17|   Husband Parents: Jack and Aria
09:36:17|   Wife Parents: Matthew and Amelia
09:36:17|   Children: Isaac, Gabriel, Zoey
09:36:17| Family id: 5015057286
09:36:17|   Husband: Ethan, 9-4-1986
09:36:17|   Wife: Ella, 7-7-1955
09:36:17|   Husband Parents: Luke and Emilia
09:36:17|   Wife Parents: Grayson and Aubrey
09:36:17|   Children: Leo, Everly, Theodore, Samuel
09:36:17| Family id: 4877966388
09:36:17|   Husband: David, 14-11-1791
09:36:17|   Wife: Lillian, 2-2-1880
09:36:17|   Husband Parents: None
09:36:17|   Wife Parents: None
09:36:17|   Children: Benjamin, Willow, Elijah, Julian
09:36:17| Family id: 4997514326
09:36:17|   Husband: Aiden, 16-1-1896
09:36:17|   Wife: Camila, 28-12-2013
09:36:17|   Husband Parents: None
09:36:17|   Wife Parents: None
09:36:17|   Children: Henry, Jack, Ella, Emma, Logan, Anthony
09:36:17| Family id: 4860423876
09:36:17|   Husband: Leo, 15-10-1887
09:36:17|   Wife: Zoe, 4-8-1880
09:36:17|   Husband Parents: None
09:36:17|   Wife Parents: None
09:36:17|   Children: William, Lillian, Ella, Andrew, Josiah, Lucas, Ella, Violet
09:36:17| Family id: 4847710520
09:36:17|   Husband: Aiden, 10-5-1838
09:36:17|   Wife: Penelope, 20-8-1995
09:36:17|   Husband Parents: None
09:36:17|   Wife Parents: None
09:36:17|   Children: Jacob, Matthew, Aiden, Emily, Natalie, Alexander, Zoe, Lucas, Sebastian
09:36:17| Family id: 5068000033
09:36:17|   Husband: Noah, 22-1-1902
09:36:17|   Wife: Evelyn, 25-7-1771
09:36:17|   Husband Parents: None
09:36:17|   Wife Parents: None
09:36:17|   Children: Madison, Lucy, Emily
09:36:17| Family id: 4881072927
09:36:17|   Husband: William, 6-4-2018
09:36:17|   Wife: Natalie, 28-4-1785
09:36:17|   Husband Parents: None
09:36:17|   Wife Parents: None
09:36:17|   Children: Luke, Mateo, Luke, Jack, Grayson, Lily, Zoe, Henry, Leah
09:36:17| Family id: 4871466590
09:36:17|   Husband: Julian, 1-10-1767
09:36:17|   Wife: Abigail, 23-5-1904
09:36:17|   Husband Parents: None
09:36:17|   Wife Parents: None
09:36:17|   Children: John, Owen, Lily
09:36:17| Family id: 4868351859
09:36:17|   Husband: Henry, 1-4-1764
09:36:17|   Wife: Charlotte, 17-7-1988
09:36:17|   Husband Parents: None
09:36:17|   Wife Parents: None
09:36:17|   Children: Addison, William, Isabella, Leah, Benjamin, Michael, Elijah, David
09:36:17| Family id: 4851087363
09:36:17|   Husband: Liam, 22-11-1862
09:36:17|   Wife: Stella, 18-7-1976
09:36:17|   Husband Parents: None
09:36:17|   Wife Parents: None
09:36:17|   Children: Leah, Hudson, Isabella, Harper
09:36:17| Family id: 4857309177
09:36:17|   Husband: Joshua, 1-6-1918
09:36:17|   Wife: Audrey, 6-6-1817
09:36:17|   Husband Parents: None
09:36:17|   Wife Parents: None
09:36:17|   Children: Sofia, Noah, Anthony, Theodore, Ellie, James
09:36:17| Family id: 4895860662
09:36:17|   Husband: Andrew, 4-12-1817
09:36:17|   Wife: Zoe, 3-3-1891
09:36:17|   Husband Parents: None
09:36:17|   Wife Parents: None
09:36:17|   Children: Olivia, Liam, Willow
09:36:17| Family id: 5056957351
09:36:17|   Husband: John, 16-11-1900
09:36:17|   Wife: Emily, 18-12-1901
09:36:17|   Husband Parents: None
09:36:17|   Wife Parents: None
09:36:17|   Children: Luke, Ethan, Scarlett, Nora, Ava, Jackson, Asher
09:36:17| Family id: 5047359206
09:36:17|   Husband: Anthony, 14-10-1893
09:36:17|   Wife: Willow, 28-5-1979
09:36:17|   Husband Parents: None
09:36:17|   Wife Parents: None
09:36:17|   Children: Christopher, Leo, Emily, Henry, Samuel, Sebastian, Alexander, Owen, William
09:36:17| Family id: 5060080306
09:36:17|   Husband: Alexander, 16-11-1862
09:36:17|   Wife: Emma, 18-11-2012
09:36:17|   Husband Parents: None
09:36:17|   Wife Parents: None
09:36:17|   Children: William, Eleanor, Scarlett, Benjamin, Riley, Aurora, Theodore, Sophia
09:36:17| Family id: 4834989420
09:36:17|   Husband: Jayden, 6-1-1771
09:36:17|   Wife: Evelyn, 24-1-1875
09:36:17|   Husband Parents: None
09:36:17|   Wife Parents: None
09:36:17|   Children: Eleanor, Hudson, Isaac, Isaac, Sofia, Michael
09:36:17| Family id: 5074237719
09:36:17|   Husband: Owen, 9-8-1830
09:36:17|   Wife: Ellie, 9-1-1873
09:36:17|   Husband Parents: None
09:36:17|   Wife Parents: None
09:36:17|   Children: Ella, Charlotte, Aurora, Thomas, Andrew
09:36:17| Family id: 5050473969
09:36:17|   Husband: Dylan, 23-8-1935
09:36:17|   Wife: Grace, 3-6-1921
09:36:17|   Husband Parents: None
09:36:17|   Wife Parents: None
09:36:17|   Children: Ava, Leah, Joseph, Violet, Audrey, Alexander, Christopher, Noah, Chloe
09:36:17| Family id: 4838366327
09:36:17|   Husband: Isaac, 12-6-1765
09:36:17|   Wife: Victoria, 28-7-1880
09:36:17|   Husband Parents: None
09:36:17|   Wife Parents: None
09:36:17|   Children: Henry, Lily, Lincoln, Michael, Ethan, Violet
09:36:17| Family id: 4892745899
09:36:17|   Husband: Ethan, 18-5-1908
09:36:17|   Wife: Olivia, 12-12-1880
09:36:17|   Husband Parents: None
09:36:17|   Wife Parents: None
09:36:17|   Children: Owen, Elijah, Matthew
09:36:17| Family id: 5077344738
09:36:17|   Husband: Levi, 18-2-1808
09:36:17|   Wife: Leah, 9-10-2017
09:36:17|   Husband Parents: None
09:36:17|   Wife Parents: None
09:36:17|   Children: Avery, Ethan, Jacob, Layla, Andrew, Lucas, Lucy
09:36:17| Family id: 5027770194
09:36:17|   Husband: Jack, 11-11-1789
09:36:17|   Wife: Aria, 12-10-1880
09:36:17|   Husband Parents: None
09:36:17|   Wife Parents: None
09:36:17|   Children: Sophia, Lillian, Avery, Ethan, Leah, Noah, Benjamin
09:36:17| Family id: 5030893117
09:36:17|   Husband: Matthew, 22-6-1773
09:36:17|   Wife: Amelia, 21-10-1924
09:36:17|   Husband Parents: None
09:36:17|   Wife Parents: None
09:36:17|   Children: Madison, Dylan, Aubrey, Jacob, Audrey, Noah, Victoria
09:36:17| Family id: 4985055370
09:36:17|   Husband: John, 27-7-2016
09:36:17|   Wife: Ella, 3-9-1805
09:36:17|   Husband Parents: None
09:36:17|   Wife Parents: None
09:36:17|   Children: Madison, Dylan, Jayden, Ava, Anthony, Penelope, Emilia
09:36:17| Family id: 5096557412
09:36:17|   Husband: John, 9-6-1755
09:36:17|   Wife: Victoria, 28-11-1968
09:36:17|   Husband Parents: None
09:36:17|   Wife Parents: None
09:36:17|   Children: Logan, Andrew, Michael
09:36:17| Family id: 5099680335
09:36:17|   Husband: Samuel, 27-7-1937
09:36:17|   Wife: Leah, 28-5-2008
09:36:17|   Husband Parents: None
09:36:17|   Wife Parents: None
09:36:17|   Children: Aria, Wyatt, Samuel, James, Charlotte
09:36:17| Family id: 4982727103
09:36:17|   Husband: Leo, 15-4-1795
09:36:17|   Wife: Evelyn, 7-9-1877
09:36:17|   Husband Parents: None
09:36:17|   Wife Parents: None
09:36:17|   Children: Julian, Emilia, Thomas, Joseph, Violet, Theodore, Theodore, Chloe, Dylan
09:36:17| Family id: 5090073998
09:36:17|   Husband: Asher, 11-12-1773
09:36:17|   Wife: Mila, 28-9-1992
09:36:17|   Husband Parents: None
09:36:17|   Wife Parents: None
09:36:17|   Children: Lincoln, Asher, Zoe, Noah, Evelyn, Ava, Mason, Aubrey
09:36:17| Family id: 5086959267
09:36:17|   Husband: Asher, 19-9-1948
09:36:17|   Wife: Leah, 16-5-1976
09:36:17|   Husband Parents: None
09:36:17|   Wife Parents: None
09:36:17|   Children: Luna, Eleanor, Oliver, Mila, Audrey, Elizabeth, Chloe, Michael
09:36:17| Family id: 4976505801
09:36:17|   Husband: John, 18-4-1855
09:36:17|   Wife: Eleanor, 30-9-1795
09:36:17|   Husband Parents: None
09:36:17|   Wife Parents: None
09:36:17|   Children: Michael, Theodore, Audrey, Samuel, Bella, Carter, Amelia
09:36:17| Family id: 4973382910
09:36:17|   Husband: Noah, 7-7-1933
09:36:17|   Wife: Nora, 6-8-2004
09:36:17|   Husband Parents: None
09:36:17|   Wife Parents: None
09:36:17|   Children: Ezra, Sebastian, Oliver
09:36:17| Family id: 5018172049
09:36:17|   Husband: Luke, 13-10-2016
09:36:17|   Wife: Emilia, 3-6-1811
09:36:17|   Husband Parents: None
09:36:17|   Wife Parents: None
09:36:17|   Children: James, Ethan, Olivia, Nora, Madison, Avery, Ethan
09:36:17| Family id: 5021278588
09:36:17|   Husband: Grayson, 10-3-1853
09:36:17|   Wife: Aubrey, 7-4-1939
09:36:17|   Husband Parents: None
09:36:17|   Wife Parents: None
09:36:17|   Children: Asher, Bella, Olivia, Aria, Joshua, Oliver, Ella
09:36:17| 
09:36:17| Number of people                    : 457
09:36:17| Number of families                  : 63
09:36:17| Max generations                     : 6
09:36:17| People connected to starting family : 457
09:36:17| 
09:36:17| total_time                    : 5.32457
09:36:17| Generations                   : 6
09:36:17| People % Families / second    : 97.66050
09:36:17| 
09:36:17| STATS        Retrieved | Server details
09:36:17| People  :          457 |            457
09:36:17| Families:           63 |             63
09:36:17| API Calls            : 522
09:36:17| Max number of threads: 53
09:36:17| 

09:36:17| #############################################
09:36:17| Breadth First Search: 6 generations
09:36:17| #############################################
09:36:22| 4.06668692
09:36:22| 


09:36:22| ************* TREE DISPLAY *************
09:36:22| Family id: 5002336250
09:36:22|   Husband: Grayson, 7-6-1793
09:36:22|   Wife: Bella, 14-9-1931
09:36:22|   Husband Parents: Theodore and Abigail
09:36:22|   Wife Parents: Asher and Camila
09:36:22|   Children: William, Luke, Logan, Joshua, Lucas, Isaac, Luna
09:36:22| Family id: 5005450949
09:36:22|   Husband: Theodore, 13-10-1938
09:36:22|   Wife: Abigail, 9-10-1773
09:36:22|   Husband Parents: Luke and Emily
09:36:22|   Wife Parents: James and Luna
09:36:22|   Children: Everly, Luna, Sophia, Aubrey, Liam, Grayson
09:36:22| Family id: 5035686234
09:36:22|   Husband: Asher, 26-4-1775
09:36:22|   Wife: Camila, 22-5-1758
09:36:22|   Husband Parents: Samuel and Chloe
09:36:22|   Wife Parents: Ethan and Penelope
09:36:22|   Children: Evelyn, Isaac, Grayson, Bella
09:36:22| Family id: 5038006309
09:36:22|   Husband: Samuel, 23-5-1851
09:36:22|   Wife: Chloe, 30-4-1806
09:36:22|   Husband Parents: Anthony and Bella
09:36:22|   Wife Parents: Thomas and Sophia
09:36:22|   Children: Wyatt, Penelope, Aria, Joshua, Lucy, Ellie, Jackson, Asher
09:36:22| Family id: 4988170133
09:36:22|   Husband: James, 18-8-1889
09:36:22|   Wife: Luna, 22-4-1818
09:36:22|   Husband Parents: Wyatt and Camila
09:36:22|   Wife Parents: Oliver and Violet
09:36:22|   Children: Lucy, Josiah, Abigail
09:36:22| Family id: 5008557520
09:36:22|   Husband: Luke, 20-4-1812
09:36:22|   Wife: Emily, 17-11-1876
09:36:22|   Husband Parents: Daniel and Avery
09:36:22|   Wife Parents: Benjamin and Aubrey
09:36:22|   Children: Joseph, Asher, Bella, James, Everly, Theodore
09:36:22| Family id: 4884188138
09:36:22|   Husband: Ethan, 6-3-1872
09:36:22|   Wife: Penelope, 17-6-1803
09:36:22|   Husband Parents: James and Addison
09:36:22|   Wife Parents: Grayson and Layla
09:36:22|   Children: David, Aiden, Luna, Camila
09:36:22| Family id: 4991293024
09:36:22|   Husband: Wyatt, 13-10-2001
09:36:22|   Wife: Camila, 16-4-1926
09:36:22|   Husband Parents: Jack and Hannah
09:36:22|   Wife Parents: Luke and Nora
09:36:22|   Children: Zoey, Jackson, Natalie, Daniel, Elizabeth, Matthew, Ellie, James
09:36:22| Family id: 4966898952
09:36:22|   Husband: Benjamin, 19-2-1832
09:36:22|   Wife: Aubrey, 4-10-1902
09:36:22|   Husband Parents: Matthew and Sophia
09:36:22|   Wife Parents: Luke and Natalie
09:36:22|   Children: Liam, Isaac, Owen, Ezra, Emily
09:36:22| Family id: 5011672251
09:36:22|   Husband: Daniel, 17-12-1772
09:36:22|   Wife: Avery, 9-5-1912
09:36:22|   Husband Parents: Joseph and Scarlett
09:36:22|   Wife Parents: Jacob and Madison
09:36:22|   Children: Matthew, Logan, Hudson, Leah, Sebastian, Elizabeth, Lucas, Luke
09:36:22| Family id: 5041121072
09:36:22|   Husband: Anthony, 10-3-2009
09:36:22|   Wife: Bella, 23-12-1900
09:36:22|   Husband Parents: William and Lily
09:36:22|   Wife Parents: Noah and Hannah
09:36:22|   Children: Grayson, Natalie, Oliver, Avery, Nora, Leo, Lincoln, Luna, Samuel
09:36:22| Family id: 4887311093
09:36:22|   Husband: James, 30-4-1871
09:36:22|   Wife: Addison, 5-5-2016
09:36:22|   Husband Parents: Mateo and Hazel
09:36:22|   Wife Parents: Logan and Chloe
09:36:22|   Children: Mia, Ella, Noah, Riley, Luna, Ella, Harper, Ethan
09:36:22| Family id: 5080721613
09:36:22|   Husband: Oliver, 27-9-1828
09:36:22|   Wife: Violet, 26-6-1782
09:36:22|   Husband Parents: Jacob and Grace
09:36:22|   Wife Parents: Carter and Lucy
09:36:22|   Children: Hannah, Hudson, Thomas, Ethan, Everly, Sofia, Hannah, John, Luna
09:36:22| Family id: 5063195037
09:36:22|   Husband: Thomas, 18-7-1859
09:36:22|   Wife: Sophia, 14-4-1799
09:36:22|   Husband Parents: Noah and Penelope
09:36:22|   Wife Parents: Jaxon and Ella
09:36:22|   Children: Willow, Sofia, Chloe
09:36:22| Family id: 4841472834
09:36:22|   Husband: Grayson, 27-2-1901
09:36:22|   Wife: Layla, 28-1-1806
09:36:22|   Husband Parents: Asher and Natalie
09:36:22|   Wife Parents: Jacob and Riley
09:36:22|   Children: Aurora, Willow, Jayden, Penelope
09:36:22| Family id: 4844587565
09:36:22|   Husband: Asher, 28-10-1866
09:36:22|   Wife: Natalie, 24-9-1842
09:36:22|   Husband Parents: Ezra and Chloe
09:36:22|   Wife Parents: Mason and Hazel
09:36:22|   Children: Willow, Liam, Andrew, Theodore, Lucy, Grayson
09:36:22| Family id: 4854194414
09:36:22|   Husband: Jacob, 16-10-1922
09:36:22|   Wife: Riley, 23-9-1901
09:36:22|   Husband Parents: Mateo and Harper
09:36:22|   Wife Parents: Joshua and Lucy
09:36:22|   Children: Julian, Isabella, Thomas, Levi, Matthew, Willow, Layla
09:36:22| Family id: 4979620564
09:36:22|   Husband: Luke, 27-2-1787
09:36:22|   Wife: Natalie, 20-6-1901
09:36:22|   Husband Parents: Noah and Zoe
09:36:22|   Wife Parents: Jack and Ella
09:36:22|   Children: Charlotte, Asher, Mia, Aubrey
09:36:22| Family id: 4994407755
09:36:22|   Husband: Jack, 15-6-1949
09:36:22|   Wife: Hannah, 25-8-1996
09:36:22|   Husband Parents: Joseph and Aria
09:36:22|   Wife Parents: Ezra and Stella
09:36:22|   Children: Willow, Ezra, Victoria, Luna, Riley, Aurora, Lillian, Audrey, Wyatt
09:36:22| Family id: 4874589481
09:36:22|   Husband: Jaxon, 11-2-1934
09:36:22|   Wife: Ella, 30-12-1762
09:36:22|   Husband Parents: Carter and Harper
09:36:22|   Wife Parents: Isaac and Lillian
09:36:22|   Children: James, Isabella, Zoey, Sophia
09:36:22| Family id: 5083836376
09:36:22|   Husband: Jacob, 11-10-1991
09:36:22|   Wife: Grace, 11-10-1995
09:36:22|   Husband Parents: Mason and Camila
09:36:22|   Wife Parents: Elijah and Victoria
09:36:22|   Children: Elijah, Penelope, Oliver
09:36:22| Family id: 4831866497
09:36:22|   Husband: Logan, 21-5-1845
09:36:22|   Wife: Chloe, 2-6-1811
09:36:22|   Husband Parents: Oliver and Lillian
09:36:22|   Wife Parents: Oliver and Addison
09:36:22|   Children: Andrew, Joshua, Thomas, Mia, Stella, Jaxon, Addison
09:36:22| Family id: 5044235803
09:36:22|   Husband: William, 7-2-1936
09:36:22|   Wife: Lily, 16-6-1874
09:36:22|   Husband Parents: Hudson and Madison
09:36:22|   Wife Parents: Joshua and Ella
09:36:22|   Children: Alexander, Everly, Anthony
09:36:22| Family id: 5066563688
09:36:22|   Husband: Noah, 23-3-1818
09:36:22|   Wife: Penelope, 3-8-1941
09:36:22|   Husband Parents: Dylan and Charlotte
09:36:22|   Wife Parents: Thomas and Scarlett
09:36:22|   Children: Jayden, Carter, Thomas
09:36:22| Family id: 5015057286
09:36:22|   Husband: Joseph, 18-12-1821
09:36:22|   Wife: Scarlett, 29-6-1794
09:36:22|   Husband Parents: Joshua and Ellie
09:36:22|   Wife Parents: Jackson and Madison
09:36:22|   Children: Ethan, Emilia, Daniel
09:36:22| Family id: 5053842652
09:36:22|   Husband: Noah, 30-5-1882
09:36:22|   Wife: Hannah, 8-5-1811
09:36:22|   Husband Parents: Joshua and Riley
09:36:22|   Wife Parents: John and Scarlett
09:36:22|   Children: Jackson, Stella, Bella
09:36:22| Family id: 5071122956
09:36:22|   Husband: Luke, 9-3-1778
09:36:22|   Wife: Nora, 25-5-1877
09:36:22|   Husband Parents: Julian and Addison
09:36:22|   Wife Parents: Benjamin and Eleanor
09:36:22|   Children: Michael, Lincoln, Dylan, Chloe, Isaac, Mila, Camila
09:36:22| Family id: 4970005523
09:36:22|   Husband: Matthew, 18-5-1983
09:36:22|   Wife: Sophia, 24-6-1822
09:36:22|   Husband Parents: Ethan and Harper
09:36:22|   Wife Parents: Sebastian and Ella
09:36:22|   Children: Leo, Amelia, Ezra, Asher, Ellie, Benjamin
09:36:22| Family id: 5024393287
09:36:22|   Husband: Jacob, 9-11-1959
09:36:22|   Wife: Madison, 15-9-1980
09:36:22|   Husband Parents: Aiden and Ava
09:36:22|   Wife Parents: Alexander and Sophia
09:36:22|   Children: Zoey, Emilia, Avery
09:36:22| Family id: 5093442713
09:36:22|   Husband: Carter, 23-8-1754
09:36:22|   Wife: Lucy, 16-12-1966
09:36:22|   Husband Parents: Jacob and Riley
09:36:22|   Wife Parents: Elijah and Willow
09:36:22|   Children: David, Aria, Zoe, Ava, Avery, Asher, Violet
09:36:22| Family id: 4889639360
09:36:22|   Husband: Mateo, 1-3-1974
09:36:22|   Wife: Hazel, 14-11-2018
09:36:22|   Husband Parents: Christopher and Addison
09:36:22|   Wife Parents: Julian and Olivia
09:36:22|   Children: Noah, Everly, James
09:36:22| Family id: 4881072927
09:36:22|   Husband: Isaac, 8-11-1972
09:36:22|   Wife: Lillian, 6-7-1902
09:36:22|   Husband Parents: None
09:36:22|   Wife Parents: None
09:36:22|   Children: Chloe, Julian, Luna, Liam, Violet, Andrew, Julian, Ella
09:36:22| Family id: 4877966388
09:36:22|   Husband: Carter, 8-12-2005
09:36:22|   Wife: Harper, 12-3-1939
09:36:22|   Husband Parents: None
09:36:22|   Wife Parents: None
09:36:22|   Children: Oliver, Ethan, Addison, Nora, Jaxon
09:36:22| Family id: 5050473969
09:36:22|   Husband: Joshua, 13-9-1843
09:36:22|   Wife: Ella, 30-12-1872
09:36:22|   Husband Parents: None
09:36:22|   Wife Parents: None
09:36:22|   Children: Joseph, William, Levi, Evelyn, Scarlett, Sophia, Lily
09:36:22| Family id: 5060080306
09:36:22|   Husband: John, 2-5-2004
09:36:22|   Wife: Scarlett, 15-3-2002
09:36:22|   Husband Parents: None
09:36:22|   Wife Parents: None
09:36:22|   Children: Zoe, Grayson, Violet, Oliver, Joshua, Riley, Elijah, Hannah
09:36:22| Family id: 5047359206
09:36:22|   Husband: Hudson, 22-2-1944
09:36:22|   Wife: Madison, 19-12-1850
09:36:22|   Husband Parents: None
09:36:22|   Wife Parents: None
09:36:22|   Children: Leo, Wyatt, Aiden, Violet, William
09:36:22| Family id: 4982727103
09:36:22|   Husband: Noah, 19-11-1895
09:36:22|   Wife: Zoe, 20-9-1836
09:36:22|   Husband Parents: None
09:36:22|   Wife Parents: None
09:36:22|   Children: Sofia, Nora, Ethan, Mila, Scarlett, Daniel, Jayden, Luke
09:36:22| Family id: 5021278588
09:36:22|   Husband: Jackson, 11-5-1979
09:36:22|   Wife: Madison, 24-9-1970
09:36:22|   Husband Parents: None
09:36:22|   Wife Parents: None
09:36:22|   Children: Joshua, Scarlett, Layla, James, Daniel, Asher, Bella, Ellie, Scarlett
09:36:22| Family id: 4868351859
09:36:22|   Husband: Dylan, 11-12-1922
09:36:22|   Wife: Charlotte, 11-11-1905
09:36:22|   Husband Parents: None
09:36:22|   Wife Parents: None
09:36:22|   Children: Thomas, Michael, Grace, Jack, Asher, Willow, Lucy, Hazel, Noah
09:36:22| Family id: 5074237719
09:36:22|   Husband: Julian, 18-12-2017
09:36:22|   Wife: Addison, 6-1-1761
09:36:22|   Husband Parents: None
09:36:22|   Wife Parents: None
09:36:22|   Children: Violet, Olivia, Luke
09:36:22| Family id: 4985055370
09:36:22|   Husband: Jack, 26-4-1843
09:36:22|   Wife: Ella, 17-4-2000
09:36:22|   Husband Parents: None
09:36:22|   Wife Parents: None
09:36:22|   Children: Sofia, Josiah, Lucas, Natalie
09:36:22| Family id: 4857309177
09:36:22|   Husband: Mateo, 27-6-1994
09:36:22|   Wife: Harper, 6-1-1953
09:36:22|   Husband Parents: None
09:36:22|   Wife Parents: None
09:36:22|   Children: Sofia, Ellie, Emilia, Jacob
09:36:22| Family id: 5056957351
09:36:22|   Husband: Joshua, 26-3-1840
09:36:22|   Wife: Riley, 27-12-1929
09:36:22|   Husband Parents: None
09:36:22|   Wife Parents: None
09:36:22|   Children: Liam, Oliver, Thomas, Andrew, Noah
09:36:22| Family id: 4851087363
09:36:22|   Husband: Mason, 16-8-1811
09:36:22|   Wife: Hazel, 6-10-1797
09:36:22|   Husband Parents: None
09:36:22|   Wife Parents: None
09:36:22|   Children: Lucy, Asher, Sophia, Willow, Natalie
09:36:22| Family id: 4847710520
09:36:22|   Husband: Ezra, 7-8-1891
09:36:22|   Wife: Chloe, 8-9-1816
09:36:22|   Husband Parents: None
09:36:22|   Wife Parents: None
09:36:22|   Children: Lucy, Sofia, James, Levi, Asher
09:36:22| Family id: 4860423876
09:36:22|   Husband: Joshua, 4-1-1894
09:36:22|   Wife: Lucy, 29-5-1929
09:36:22|   Husband Parents: None
09:36:22|   Wife Parents: None
09:36:22|   Children: Emily, Leo, Emily, John, Zoe, Willow, Aria, Carter, Riley
09:36:22| Family id: 4871466590
09:36:22|   Husband: Thomas, 27-6-1801
09:36:22|   Wife: Scarlett, 20-7-1958
09:36:22|   Husband Parents: None
09:36:22|   Wife Parents: None
09:36:22|   Children: Luna, Jackson, Penelope
09:36:22| Family id: 5018172049
09:36:22|   Husband: Joshua, 26-1-1801
09:36:22|   Wife: Ellie, 4-9-1814
09:36:22|   Husband Parents: None
09:36:22|   Wife Parents: None
09:36:22|   Children: Everly, Theodore, Joseph
09:36:22| Family id: 5077344738
09:36:22|   Husband: Benjamin, 20-3-1908
09:36:22|   Wife: Eleanor, 21-8-1982
09:36:22|   Husband Parents: None
09:36:22|   Wife Parents: None
09:36:22|   Children: Abigail, Willow, Theodore, Oliver, Julian, Ava, Nora
09:36:22| Family id: 4892745899
09:36:22|   Husband: Christopher, 30-10-1951
09:36:22|   Wife: Addison, 11-7-1886
09:36:22|   Husband Parents: None
09:36:22|   Wife Parents: None
09:36:22|   Children: Abigail, Ava, Mateo
09:36:22| Family id: 4895860662
09:36:22|   Husband: Julian, 13-1-1785
09:36:22|   Wife: Olivia, 30-11-1754
09:36:22|   Husband Parents: None
09:36:22|   Wife Parents: None
09:36:22|   Children: Charlotte, Violet, Hazel
09:36:22| Family id: 4834989420
09:36:22|   Husband: Oliver, 11-10-1813
09:36:22|   Wife: Lillian, 26-12-1798
09:36:22|   Husband Parents: None
09:36:22|   Wife Parents: None
09:36:22|   Children: Daniel, Violet, Samuel, Hazel, Eleanor, Aubrey, Logan
09:36:22| Family id: 5027770194
09:36:22|   Husband: Aiden, 28-8-1946
09:36:22|   Wife: Ava, 12-3-1918
09:36:22|   Husband Parents: None
09:36:22|   Wife Parents: None
09:36:22|   Children: Charlotte, Zoey, Elijah, Jacob
09:36:22| Family id: 4973382910
09:36:22|   Husband: Ethan, 22-8-1924
09:36:22|   Wife: Harper, 31-5-1918
09:36:22|   Husband Parents: None
09:36:22|   Wife Parents: None
09:36:22|   Children: Stella, Hudson, Jayden, Matthew
09:36:22| Family id: 4976505801
09:36:22|   Husband: Sebastian, 24-11-1982
09:36:22|   Wife: Ella, 1-2-1999
09:36:22|   Husband Parents: None
09:36:22|   Wife Parents: None
